Log file open, 10/20/21 15:34:38
LogWindows: Failed to load 'aqProf.dll' (GetLastError=126)
LogWindows: File 'aqProf.dll' does not exist
LogWindows: Failed to load 'VtuneApi.dll' (GetLastError=126)
LogWindows: File 'VtuneApi.dll' does not exist
LogWindows: Failed to load 'VtuneApi32e.dll' (GetLastError=126)
LogWindows: File 'VtuneApi32e.dll' does not exist
LogConsoleResponse: Display: Failed to find resolution value strings in scalability ini. Falling back to default.
LogConsoleResponse: Display: Failed to find resolution value strings in scalability ini. Falling back to default.
LogInit: Display: Running engine for game: BullCowGame
LogPlatformFile: Not using cached read wrapper
LogTaskGraph: Started task graph with 5 named threads and 47 total threads with 3 sets of task threads.
LogStats: Stats thread started at 0.179564
LogICUInternationalization: ICU TimeZone Detection - Raw Offset: -3:00, Platform Override: ''
LogInit: Display: Loading text-based GConfig....
LogPluginManager: Mounting plugin MeshPainting
LogPluginManager: Mounting plugin XGEController
LogPluginManager: Mounting plugin LiveLink
LogPluginManager: Mounting plugin Paper2D
LogPluginManager: Mounting plugin LightPropagationVolume
LogPluginManager: Mounting plugin OodleData
LogPluginManager: Mounting plugin CameraShakePreviewer
LogPluginManager: Mounting plugin OodleNetwork
LogPluginManager: Mounting plugin GameplayCameras
LogPluginManager: Mounting plugin DatasmithContent
LogPluginManager: Mounting plugin AnimationSharing
LogPluginManager: Mounting plugin CodeLiteSourceCodeAccess
LogPluginManager: Mounting plugin KDevelopSourceCodeAccess
LogPluginManager: Mounting plugin GitSourceControl
LogPluginManager: Mounting plugin PixWinPlugin
LogPluginManager: Mounting plugin VariantManagerContent
LogPluginManager: Mounting plugin PropertyAccessNode
LogPluginManager: Mounting plugin PluginUtils
LogPluginManager: Mounting plugin PerforceSourceControl
LogPluginManager: Mounting plugin CLionSourceCodeAccess
LogPluginManager: Mounting plugin PlasticSourceControl
LogPluginManager: Mounting plugin TextureFormatOodle
LogPluginManager: Mounting plugin NullSourceCodeAccess
LogPluginManager: Mounting plugin RiderSourceCodeAccess
LogPluginManager: Mounting plugin SubversionSourceControl
LogPluginManager: Mounting plugin UObjectPlugin
LogPluginManager: Mounting plugin XCodeSourceCodeAccess
LogPluginManager: Mounting plugin VisualStudioCodeSourceCodeAccess
LogPluginManager: Mounting plugin AlembicImporter
LogPluginManager: Mounting plugin VisualStudioSourceCodeAccess
LogPluginManager: Mounting plugin AutomationUtils
LogPluginManager: Mounting plugin BackChannel
LogPluginManager: Mounting plugin ChaosCloth
LogPluginManager: Mounting plugin ChaosEditor
LogPluginManager: Mounting plugin ChaosClothEditor
LogPluginManager: Mounting plugin ChaosNiagara
LogPluginManager: Mounting plugin ChaosSolverPlugin
LogPluginManager: Mounting plugin CharacterAI
LogPluginManager: Mounting plugin GeometryCache
LogPluginManager: Mounting plugin LuminPlatformFeatures
LogPluginManager: Mounting plugin GeometryCollectionPlugin
LogPluginManager: Mounting plugin MagicLeap
LogPluginManager: Mounting plugin MagicLeapLightEstimation
LogPluginManager: Mounting plugin MagicLeapMedia
LogPluginManager: Mounting plugin MagicLeapPassableWorld
LogPluginManager: Mounting plugin MLSDK
LogPluginManager: Mounting plugin GeometryProcessing
LogPluginManager: Mounting plugin MotoSynth
LogPluginManager: Mounting plugin OpenImageDenoise
LogPluginManager: Mounting plugin PlanarCut
LogPluginManager: Mounting plugin PlatformCrypto
LogPluginManager: Mounting plugin ProxyLODPlugin
LogPluginManager: Mounting plugin SkeletalReduction
LogPluginManager: Mounting plugin PythonScriptPlugin
LogPluginManager: Mounting plugin AndroidMedia
LogPluginManager: Mounting plugin AvfMedia
LogPluginManager: Mounting plugin UdpMessaging
LogPluginManager: Mounting plugin ImgMedia
LogPluginManager: Mounting plugin TcpMessaging
LogPluginManager: Mounting plugin MediaCompositing
LogPluginManager: Mounting plugin MediaPlayerEditor
LogPluginManager: Mounting plugin WmfMedia
LogPluginManager: Mounting plugin WebMMedia
LogPluginManager: Mounting plugin ActorSequence
LogPluginManager: Mounting plugin LevelSequenceEditor
LogPluginManager: Mounting plugin MatineeToLevelSequence
LogPluginManager: Mounting plugin LauncherChunkInstaller
LogPluginManager: Mounting plugin TemplateSequence
LogPluginManager: Mounting plugin OnlineSubsystem
LogPluginManager: Mounting plugin OnlineSubsystemNull
LogPluginManager: Mounting plugin OnlineSubsystemUtils
LogPluginManager: Mounting plugin ScreenshotTools
LogPluginManager: Mounting plugin ActorLayerUtilities
LogPluginManager: Mounting plugin AndroidDeviceProfileSelector
LogPluginManager: Mounting plugin AndroidPermission
LogPluginManager: Mounting plugin AndroidMoviePlayer
LogPluginManager: Mounting plugin AppleImageUtils
LogPluginManager: Mounting plugin ArchVisCharacter
LogPluginManager: Mounting plugin AppleMoviePlayer
LogPluginManager: Mounting plugin AssetTags
LogPluginManager: Mounting plugin AudioSynesthesia
LogPluginManager: Mounting plugin AudioCapture
LogPluginManager: Mounting plugin CableComponent
LogPluginManager: Mounting plugin ChunkDownloader
LogPluginManager: Mounting plugin CustomMeshComponent
LogPluginManager: Mounting plugin EditableMesh
LogPluginManager: Mounting plugin ExampleDeviceProfileSelector
LogPluginManager: Mounting plugin GooglePAD
LogPluginManager: Mounting plugin GoogleCloudMessaging
LogPluginManager: Mounting plugin Takes
LogPluginManager: Mounting plugin IOSDeviceProfileSelector
LogPluginManager: Mounting plugin LinuxDeviceProfileSelector
LogPluginManager: Mounting plugin LocationServicesBPLibrary
LogPluginManager: Mounting plugin MobilePatchingUtils
LogPluginManager: Mounting plugin OpenXR
LogPluginManager: Mounting plugin OpenXREyeTracker
LogPluginManager: Mounting plugin OpenXRHandTracking
LogPluginManager: Mounting plugin PostSplashScreen
LogPluginManager: Mounting plugin PhysXVehicles
LogPluginManager: Mounting plugin PropertyAccessEditor
LogPluginManager: Mounting plugin RuntimePhysXCooking
LogPluginManager: Mounting plugin SignificanceManager
LogPluginManager: Mounting plugin SoundFields
LogPluginManager: Mounting plugin ProceduralMeshComponent
LogPluginManager: Mounting plugin Synthesis
LogPluginManager: Mounting plugin WebMMoviePlayer
LogPluginManager: Mounting plugin WindowsMoviePlayer
LogPluginManager: Mounting plugin AISupport
LogPluginManager: Mounting plugin EnvironmentQueryEditor
LogPluginManager: Mounting plugin Niagara
LogPluginManager: Mounting plugin AssetManagerEditor
LogPluginManager: Mounting plugin CryptoKeys
LogPluginManager: Mounting plugin CurveEditorTools
LogPluginManager: Mounting plugin DataValidation
LogPluginManager: Mounting plugin FacialAnimation
LogPluginManager: Mounting plugin GameplayTagsEditor
LogPluginManager: Mounting plugin GeometryMode
LogPluginManager: Mounting plugin MacGraphicsSwitching
LogPluginManager: Mounting plugin MaterialAnalyzer
LogPluginManager: Mounting plugin PluginBrowser
LogPluginManager: Mounting plugin MobileLauncherProfileWizard
LogPluginManager: Mounting plugin SpeedTreeImporter
LogPluginManager: Mounting plugin OnlineSubsystemGooglePlay
LogPluginManager: Mounting plugin OnlineSubsystemIOS
LogPluginManager: Mounting plugin OculusVR
LogPluginManager: Mounting plugin SteamVR
LogPluginManager: Mounting plugin ContentBrowserAssetDataSource
LogPluginManager: Mounting plugin ContentBrowserClassDataSource
LogPluginManager: Mounting plugin ContentBrowserFileDataSource
PixWinPlugin: PIX capture plugin failed to initialize! Check that the process is launched from PIX.
LogInit: Using libcurl 7.55.1-DEV
LogInit:  - built for x86_64-pc-win32
LogInit:  - supports SSL with OpenSSL/1.1.1
LogInit:  - supports HTTP deflate (compression) using libz 1.2.8
LogInit:  - other features:
LogInit:      CURL_VERSION_SSL
LogInit:      CURL_VERSION_LIBZ
LogInit:      CURL_VERSION_IPV6
LogInit:      CURL_VERSION_ASYNCHDNS
LogInit:      CURL_VERSION_LARGEFILE
LogInit:      CURL_VERSION_IDN
LogInit:  CurlRequestOptions (configurable via config and command line):
LogInit:  - bVerifyPeer = true  - Libcurl will verify peer certificate
LogInit:  - bUseHttpProxy = false  - Libcurl will NOT use HTTP proxy
LogInit:  - bDontReuseConnections = false  - Libcurl will reuse connections
LogInit:  - MaxHostConnections = 16  - Libcurl will limit the number of connections to a host
LogInit:  - LocalHostAddr = Default
LogInit:  - BufferSize = 65536
LogOnline: OSS: Creating online subsystem instance for: NULL
LogInit: WinSock: version 1.1 (2.2), MaxSocks=32767, MaxUdp=65467
LogOnline: OSS: TryLoadSubsystemAndSetDefault: Loaded subsystem for module [NULL]
LogOculusPluginWrapper: OculusPlugin initialized successfully
LogHMD: Failed initializing OVRPlugin 1.59.0
LogInit: Build: ++UE4+Release-4.27-CL-17735300
LogInit: Engine Version: 4.27.1-17735300+++UE4+Release-4.27
LogInit: Compatible Engine Version: 4.27.0-17155196+++UE4+Release-4.27
LogInit: Net CL: 17155196
LogInit: OS: Windows 10 (Release 2009) (), CPU: AMD Ryzen 7 3700X 8-Core Processor             , GPU: Radeon RX 570 Series
LogInit: Compiled (64-bit): Oct  6 2021 14:42:51
LogInit: Compiled with Visual C++: 19.24.28315.00
LogInit: Build Configuration: Development
LogInit: Branch Name: ++UE4+Release-4.27
LogInit: Command Line: 
LogInit: Base Directory: C:/Program Files/Epic Games/UE_4.27/Engine/Binaries/Win64/
LogInit: Allocator: TBB
LogInit: Installed Engine Build: 1
LogDevObjectVersion: Number of dev versions registered: 29
LogDevObjectVersion:   Dev-Blueprints (B0D832E4-1F89-4F0D-ACCF-7EB736FD4AA2): 10
LogDevObjectVersion:   Dev-Build (E1C64328-A22C-4D53-A36C-8E866417BD8C): 0
LogDevObjectVersion:   Dev-Core (375EC13C-06E4-48FB-B500-84F0262A717E): 4
LogDevObjectVersion:   Dev-Editor (E4B068ED-F494-42E9-A231-DA0B2E46BB41): 40
LogDevObjectVersion:   Dev-Framework (CFFC743F-43B0-4480-9391-14DF171D2073): 37
LogDevObjectVersion:   Dev-Mobile (B02B49B5-BB20-44E9-A304-32B752E40360): 3
LogDevObjectVersion:   Dev-Networking (A4E4105C-59A1-49B5-A7C5-40C4547EDFEE): 0
LogDevObjectVersion:   Dev-Online (39C831C9-5AE6-47DC-9A44-9C173E1C8E7C): 0
LogDevObjectVersion:   Dev-Physics (78F01B33-EBEA-4F98-B9B4-84EACCB95AA2): 14
LogDevObjectVersion:   Dev-Platform (6631380F-2D4D-43E0-8009-CF276956A95A): 0
LogDevObjectVersion:   Dev-Rendering (12F88B9F-8875-4AFC-A67C-D90C383ABD29): 45
LogDevObjectVersion:   Dev-Sequencer (7B5AE74C-D270-4C10-A958-57980B212A5A): 13
LogDevObjectVersion:   Dev-VR (D7296918-1DD6-4BDD-9DE2-64A83CC13884): 3
LogDevObjectVersion:   Dev-LoadTimes (C2A15278-BFE7-4AFE-6C17-90FF531DF755): 1
LogDevObjectVersion:   Private-Geometry (6EACA3D4-40EC-4CC1-B786-8BED09428FC5): 3
LogDevObjectVersion:   Dev-AnimPhys (29E575DD-E0A3-4627-9D10-D276232CDCEA): 17
LogDevObjectVersion:   Dev-Anim (AF43A65D-7FD3-4947-9873-3E8ED9C1BB05): 15
LogDevObjectVersion:   Dev-ReflectionCapture (6B266CEC-1EC7-4B8F-A30B-E4D90942FC07): 1
LogDevObjectVersion:   Dev-Automation (0DF73D61-A23F-47EA-B727-89E90C41499A): 1
LogDevObjectVersion:   FortniteMain (601D1886-AC64-4F84-AA16-D3DE0DEAC7D6): 47
LogDevObjectVersion:   FortniteRelease (E7086368-6B23-4C58-8439-1B7016265E91): 1
LogDevObjectVersion:   Dev-Enterprise (9DFFBCD6-494F-0158-E221-12823C92A888): 10
LogDevObjectVersion:   Dev-Niagara (F2AED0AC-9AFE-416F-8664-AA7FFA26D6FC): 1
LogDevObjectVersion:   Dev-Destruction (174F1F0B-B4C6-45A5-B13F-2EE8D0FB917D): 10
LogDevObjectVersion:   Dev-Physics-Ext (35F94A83-E258-406C-A318-09F59610247C): 41
LogDevObjectVersion:   Dev-PhysicsMaterial-Chaos (B68FC16E-8B1B-42E2-B453-215C058844FE): 1
LogDevObjectVersion:   Dev-CineCamera (B2E18506-4273-CFC2-A54E-F4BB758BBA07): 1
LogDevObjectVersion:   Dev-VirtualProduction (64F58936-FD1B-42BA-BA96-7289D5D0FA4E): 1
LogDevObjectVersion:   Dev-MediaFramework (6F0ED827-A609-4895-9C91-998D90180EA4): 2
LogInit: Presizing for max 25165824 objects, including 0 objects not considered by GC, pre-allocating 0 bytes for permanent pool.
LogConfig: Applying CVar settings from Section [/Script/Engine.StreamingSettings] File [E:/Courses/C++/Bulls and Cows/BullCowGame-starter-kit/Saved/Config/Windows/Engine.ini]
LogConfig: Setting CVar [[s.MinBulkDataSizeForAsyncLoading:131072]]
LogConfig: Setting CVar [[s.AsyncLoadingThreadEnabled:0]]
LogConfig: Setting CVar [[s.EventDrivenLoaderEnabled:1]]
LogConfig: Setting CVar [[s.WarnIfTimeLimitExceeded:0]]
LogConfig: Setting CVar [[s.TimeLimitExceededMultiplier:1.5]]
LogConfig: Setting CVar [[s.TimeLimitExceededMinTime:0.005]]
LogConfig: Setting CVar [[s.UseBackgroundLevelStreaming:1]]
LogConfig: Setting CVar [[s.PriorityAsyncLoadingExtraTime:15.0]]
LogConfig: Setting CVar [[s.LevelStreamingActorsUpdateTimeLimit:5.0]]
LogConfig: Setting CVar [[s.PriorityLevelStreamingActorsUpdateExtraTime:5.0]]
LogConfig: Setting CVar [[s.LevelStreamingComponentsRegistrationGranularity:10]]
LogConfig: Setting CVar [[s.UnregisterComponentsTimeLimit:1.0]]
LogConfig: Setting CVar [[s.LevelStreamingComponentsUnregistrationGranularity:5]]
LogConfig: Setting CVar [[s.FlushStreamingOnExit:1]]
LogInit: Object subsystem initialized
LogConfig: Setting CVar [[con.DebugEarlyDefault:1]]
LogConfig: Setting CVar [[r.setres:1280x720]]
[2021.10.20-18.34.38:749][  0]LogConfig: Setting CVar [[r.VSync:0]]
[2021.10.20-18.34.38:749][  0]LogConfig: Setting CVar [[r.RHICmdBypass:0]]
[2021.10.20-18.34.38:749][  0]LogConfig: Applying CVar settings from Section [/Script/Engine.RendererSettings] File [E:/Courses/C++/Bulls and Cows/BullCowGame-starter-kit/Saved/Config/Windows/Engine.ini]
[2021.10.20-18.34.38:749][  0]LogConfig: Setting CVar [[r.GPUCrashDebugging:0]]
[2021.10.20-18.34.38:749][  0]LogConfig: Setting CVar [[r.DefaultFeature.AutoExposure.ExtendDefaultLuminanceRange:1]]
[2021.10.20-18.34.38:749][  0]LogConfig: Applying CVar settings from Section [/Script/Engine.RendererOverrideSettings] File [E:/Courses/C++/Bulls and Cows/BullCowGame-starter-kit/Saved/Config/Windows/Engine.ini]
[2021.10.20-18.34.38:749][  0]LogConfig: Applying CVar settings from Section [/Script/Engine.StreamingSettings] File [E:/Courses/C++/Bulls and Cows/BullCowGame-starter-kit/Saved/Config/Windows/Engine.ini]
[2021.10.20-18.34.38:749][  0]LogConfig: Setting CVar [[s.MinBulkDataSizeForAsyncLoading:131072]]
[2021.10.20-18.34.38:749][  0]LogConfig: Setting CVar [[s.AsyncLoadingThreadEnabled:0]]
[2021.10.20-18.34.38:749][  0]LogConfig: Setting CVar [[s.EventDrivenLoaderEnabled:1]]
[2021.10.20-18.34.38:749][  0]LogConfig: Setting CVar [[s.WarnIfTimeLimitExceeded:0]]
[2021.10.20-18.34.38:749][  0]LogConfig: Setting CVar [[s.TimeLimitExceededMultiplier:1.5]]
[2021.10.20-18.34.38:749][  0]LogConfig: Setting CVar [[s.TimeLimitExceededMinTime:0.005]]
[2021.10.20-18.34.38:749][  0]LogConfig: Setting CVar [[s.UseBackgroundLevelStreaming:1]]
[2021.10.20-18.34.38:749][  0]LogConfig: Setting CVar [[s.PriorityAsyncLoadingExtraTime:15.0]]
[2021.10.20-18.34.38:749][  0]LogConfig: Setting CVar [[s.LevelStreamingActorsUpdateTimeLimit:5.0]]
[2021.10.20-18.34.38:749][  0]LogConfig: Setting CVar [[s.PriorityLevelStreamingActorsUpdateExtraTime:5.0]]
[2021.10.20-18.34.38:749][  0]LogConfig: Setting CVar [[s.LevelStreamingComponentsRegistrationGranularity:10]]
[2021.10.20-18.34.38:749][  0]LogConfig: Setting CVar [[s.UnregisterComponentsTimeLimit:1.0]]
[2021.10.20-18.34.38:749][  0]LogConfig: Setting CVar [[s.LevelStreamingComponentsUnregistrationGranularity:5]]
[2021.10.20-18.34.38:749][  0]LogConfig: Setting CVar [[s.FlushStreamingOnExit:1]]
[2021.10.20-18.34.38:749][  0]LogConfig: Applying CVar settings from Section [/Script/Engine.GarbageCollectionSettings] File [E:/Courses/C++/Bulls and Cows/BullCowGame-starter-kit/Saved/Config/Windows/Engine.ini]
[2021.10.20-18.34.38:749][  0]LogConfig: Setting CVar [[gc.MaxObjectsNotConsideredByGC:1]]
[2021.10.20-18.34.38:749][  0]LogConfig: Setting CVar [[gc.SizeOfPermanentObjectPool:0]]
[2021.10.20-18.34.38:749][  0]LogConfig: Setting CVar [[gc.FlushStreamingOnGC:0]]
[2021.10.20-18.34.38:749][  0]LogConfig: Setting CVar [[gc.NumRetriesBeforeForcingGC:10]]
[2021.10.20-18.34.38:749][  0]LogConfig: Setting CVar [[gc.AllowParallelGC:1]]
[2021.10.20-18.34.38:749][  0]LogConfig: Setting CVar [[gc.TimeBetweenPurgingPendingKillObjects:61.1]]
[2021.10.20-18.34.38:749][  0]LogConfig: Setting CVar [[gc.MaxObjectsInEditor:25165824]]
[2021.10.20-18.34.38:749][  0]LogConfig: Setting CVar [[gc.IncrementalBeginDestroyEnabled:1]]
[2021.10.20-18.34.38:749][  0]LogConfig: Setting CVar [[gc.CreateGCClusters:1]]
[2021.10.20-18.34.38:749][  0]LogConfig: Setting CVar [[gc.MinGCClusterSize:5]]
[2021.10.20-18.34.38:749][  0]LogConfig: Setting CVar [[gc.ActorClusteringEnabled:0]]
[2021.10.20-18.34.38:749][  0]LogConfig: Setting CVar [[gc.BlueprintClusteringEnabled:0]]
[2021.10.20-18.34.38:749][  0]LogConfig: Setting CVar [[gc.UseDisregardForGCOnDedicatedServers:0]]
[2021.10.20-18.34.38:749][  0]LogConfig: Setting CVar [[gc.MultithreadedDestructionEnabled:1]]
[2021.10.20-18.34.38:749][  0]LogConfig: Applying CVar settings from Section [/Script/Engine.NetworkSettings] File [E:/Courses/C++/Bulls and Cows/BullCowGame-starter-kit/Saved/Config/Windows/Engine.ini]
[2021.10.20-18.34.38:749][  0]LogConfig: Applying CVar settings from Section [/Script/UnrealEd.CookerSettings] File [E:/Courses/C++/Bulls and Cows/BullCowGame-starter-kit/Saved/Config/Windows/Engine.ini]
[2021.10.20-18.34.38:769][  0]LogConfig: Applying CVar settings from Section [ViewDistanceQuality@3] File [E:/Courses/C++/Bulls and Cows/BullCowGame-starter-kit/Saved/Config/Windows/Scalability.ini]
[2021.10.20-18.34.38:769][  0]LogConfig: Setting CVar [[r.SkeletalMeshLODBias:0]]
[2021.10.20-18.34.38:769][  0]LogConfig: Setting CVar [[r.ViewDistanceScale:1.0]]
[2021.10.20-18.34.38:769][  0]LogConfig: Applying CVar settings from Section [AntiAliasingQuality@3] File [E:/Courses/C++/Bulls and Cows/BullCowGame-starter-kit/Saved/Config/Windows/Scalability.ini]
[2021.10.20-18.34.38:769][  0]LogConfig: Setting CVar [[r.PostProcessAAQuality:4]]
[2021.10.20-18.34.38:769][  0]LogConfig: Applying CVar settings from Section [ShadowQuality@3] File [E:/Courses/C++/Bulls and Cows/BullCowGame-starter-kit/Saved/Config/Windows/Scalability.ini]
[2021.10.20-18.34.38:769][  0]LogConfig: Setting CVar [[r.LightFunctionQuality:1]]
[2021.10.20-18.34.38:769][  0]LogConfig: Setting CVar [[r.ShadowQuality:5]]
[2021.10.20-18.34.38:769][  0]LogConfig: Setting CVar [[r.Shadow.CSM.MaxCascades:10]]
[2021.10.20-18.34.38:769][  0]LogConfig: Setting CVar [[r.Shadow.MaxResolution:2048]]
[2021.10.20-18.34.38:769][  0]LogConfig: Setting CVar [[r.Shadow.MaxCSMResolution:2048]]
[2021.10.20-18.34.38:769][  0]LogConfig: Setting CVar [[r.Shadow.RadiusThreshold:0.01]]
[2021.10.20-18.34.38:769][  0]LogConfig: Setting CVar [[r.Shadow.DistanceScale:1.0]]
[2021.10.20-18.34.38:769][  0]LogConfig: Setting CVar [[r.Shadow.CSM.TransitionScale:1.0]]
[2021.10.20-18.34.38:769][  0]LogConfig: Setting CVar [[r.Shadow.PreShadowResolutionFactor:1.0]]
[2021.10.20-18.34.38:769][  0]LogConfig: Setting CVar [[r.DistanceFieldShadowing:1]]
[2021.10.20-18.34.38:769][  0]LogConfig: Setting CVar [[r.DistanceFieldAO:1]]
[2021.10.20-18.34.38:769][  0]LogConfig: Setting CVar [[r.AOQuality:2]]
[2021.10.20-18.34.38:769][  0]LogConfig: Setting CVar [[r.VolumetricFog:1]]
[2021.10.20-18.34.38:769][  0]LogConfig: Setting CVar [[r.VolumetricFog.GridPixelSize:8]]
[2021.10.20-18.34.38:769][  0]LogConfig: Setting CVar [[r.VolumetricFog.GridSizeZ:128]]
[2021.10.20-18.34.38:769][  0]LogConfig: Setting CVar [[r.VolumetricFog.HistoryMissSupersampleCount:4]]
[2021.10.20-18.34.38:769][  0]LogConfig: Setting CVar [[r.LightMaxDrawDistanceScale:1]]
[2021.10.20-18.34.38:769][  0]LogConfig: Setting CVar [[r.CapsuleShadows:1]]
[2021.10.20-18.34.38:769][  0]LogConfig: Applying CVar settings from Section [PostProcessQuality@3] File [E:/Courses/C++/Bulls and Cows/BullCowGame-starter-kit/Saved/Config/Windows/Scalability.ini]
[2021.10.20-18.34.38:769][  0]LogConfig: Setting CVar [[r.MotionBlurQuality:4]]
[2021.10.20-18.34.38:769][  0]LogConfig: Setting CVar [[r.AmbientOcclusionMipLevelFactor:0.4]]
[2021.10.20-18.34.38:769][  0]LogConfig: Setting CVar [[r.AmbientOcclusionMaxQuality:100]]
[2021.10.20-18.34.38:769][  0]LogConfig: Setting CVar [[r.AmbientOcclusionLevels:-1]]
[2021.10.20-18.34.38:769][  0]LogConfig: Setting CVar [[r.AmbientOcclusionRadiusScale:1.0]]
[2021.10.20-18.34.38:769][  0]LogConfig: Setting CVar [[r.DepthOfFieldQuality:2]]
[2021.10.20-18.34.38:769][  0]LogConfig: Setting CVar [[r.RenderTargetPoolMin:400]]
[2021.10.20-18.34.38:769][  0]LogConfig: Setting CVar [[r.LensFlareQuality:2]]
[2021.10.20-18.34.38:769][  0]LogConfig: Setting CVar [[r.SceneColorFringeQuality:1]]
[2021.10.20-18.34.38:769][  0]LogConfig: Setting CVar [[r.EyeAdaptationQuality:2]]
[2021.10.20-18.34.38:769][  0]LogConfig: Setting CVar [[r.BloomQuality:5]]
[2021.10.20-18.34.38:769][  0]LogConfig: Setting CVar [[r.FastBlurThreshold:100]]
[2021.10.20-18.34.38:769][  0]LogConfig: Setting CVar [[r.Upscale.Quality:3]]
[2021.10.20-18.34.38:769][  0]LogConfig: Setting CVar [[r.Tonemapper.GrainQuantization:1]]
[2021.10.20-18.34.38:769][  0]LogConfig: Setting CVar [[r.LightShaftQuality:1]]
[2021.10.20-18.34.38:769][  0]LogConfig: Setting CVar [[r.Filter.SizeScale:1]]
[2021.10.20-18.34.38:769][  0]LogConfig: Setting CVar [[r.Tonemapper.Quality:5]]
[2021.10.20-18.34.38:769][  0]LogConfig: Setting CVar [[r.DOF.Gather.AccumulatorQuality:1        ; higher gathering accumulator quality]]
[2021.10.20-18.34.38:769][  0]LogConfig: Setting CVar [[r.DOF.Gather.PostfilterMethod:1          ; Median3x3 postfilering method]]
[2021.10.20-18.34.38:769][  0]LogConfig: Setting CVar [[r.DOF.Gather.EnableBokehSettings:0       ; no bokeh simulation when gathering]]
[2021.10.20-18.34.38:769][  0]LogConfig: Setting CVar [[r.DOF.Gather.RingCount:4                 ; medium number of samples when gathering]]
[2021.10.20-18.34.38:769][  0]LogConfig: Setting CVar [[r.DOF.Scatter.ForegroundCompositing:1    ; additive foreground scattering]]
[2021.10.20-18.34.38:769][  0]LogConfig: Setting CVar [[r.DOF.Scatter.BackgroundCompositing:2    ; additive background scattering]]
[2021.10.20-18.34.38:769][  0]LogConfig: Setting CVar [[r.DOF.Scatter.EnableBokehSettings:1      ; bokeh simulation when scattering]]
[2021.10.20-18.34.38:769][  0]LogConfig: Setting CVar [[r.DOF.Scatter.MaxSpriteRatio:0.1         ; only a maximum of 10% of scattered bokeh]]
[2021.10.20-18.34.38:769][  0]LogConfig: Setting CVar [[r.DOF.Recombine.Quality:1                ; cheap slight out of focus]]
[2021.10.20-18.34.38:769][  0]LogConfig: Setting CVar [[r.DOF.Recombine.EnableBokehSettings:0    ; no bokeh simulation on slight out of focus]]
[2021.10.20-18.34.38:769][  0]LogConfig: Setting CVar [[r.DOF.TemporalAAQuality:1                ; more stable temporal accumulation]]
[2021.10.20-18.34.38:769][  0]LogConfig: Setting CVar [[r.DOF.Kernel.MaxForegroundRadius:0.025]]
[2021.10.20-18.34.38:769][  0]LogConfig: Setting CVar [[r.DOF.Kernel.MaxBackgroundRadius:0.025]]
[2021.10.20-18.34.38:769][  0]LogConfig: Applying CVar settings from Section [TextureQuality@3] File [E:/Courses/C++/Bulls and Cows/BullCowGame-starter-kit/Saved/Config/Windows/Scalability.ini]
[2021.10.20-18.34.38:769][  0]LogConfig: Setting CVar [[r.Streaming.MipBias:0]]
[2021.10.20-18.34.38:769][  0]LogConfig: Setting CVar [[r.Streaming.AmortizeCPUToGPUCopy:0]]
[2021.10.20-18.34.38:769][  0]LogConfig: Setting CVar [[r.Streaming.MaxNumTexturesToStreamPerFrame:0]]
[2021.10.20-18.34.38:769][  0]LogConfig: Setting CVar [[r.Streaming.Boost:1]]
[2021.10.20-18.34.38:769][  0]LogConfig: Setting CVar [[r.MaxAnisotropy:8]]
[2021.10.20-18.34.38:769][  0]LogConfig: Setting CVar [[r.VT.MaxAnisotropy:8]]
[2021.10.20-18.34.38:769][  0]LogConfig: Setting CVar [[r.Streaming.LimitPoolSizeToVRAM:0]]
[2021.10.20-18.34.38:769][  0]LogConfig: Setting CVar [[r.Streaming.PoolSize:1000]]
[2021.10.20-18.34.38:769][  0]LogConfig: Setting CVar [[r.Streaming.MaxEffectiveScreenSize:0]]
[2021.10.20-18.34.38:769][  0]LogConfig: Applying CVar settings from Section [EffectsQuality@3] File [E:/Courses/C++/Bulls and Cows/BullCowGame-starter-kit/Saved/Config/Windows/Scalability.ini]
[2021.10.20-18.34.38:769][  0]LogConfig: Setting CVar [[r.TranslucencyLightingVolumeDim:64]]
[2021.10.20-18.34.38:769][  0]LogConfig: Setting CVar [[r.RefractionQuality:2]]
[2021.10.20-18.34.38:769][  0]LogConfig: Setting CVar [[r.SSR.Quality:3]]
[2021.10.20-18.34.38:769][  0]LogConfig: Setting CVar [[r.SSR.HalfResSceneColor:0]]
[2021.10.20-18.34.38:769][  0]LogConfig: Setting CVar [[r.SceneColorFormat:4]]
[2021.10.20-18.34.38:769][  0]LogConfig: Setting CVar [[r.DetailMode:2]]
[2021.10.20-18.34.38:769][  0]LogConfig: Setting CVar [[r.TranslucencyVolumeBlur:1]]
[2021.10.20-18.34.38:769][  0]LogConfig: Setting CVar [[r.MaterialQualityLevel:1 ; High quality]]
[2021.10.20-18.34.38:769][  0]LogConfig: Setting CVar [[r.AnisotropicMaterials:1]]
[2021.10.20-18.34.38:769][  0]LogConfig: Setting CVar [[r.SSS.Scale:1]]
[2021.10.20-18.34.38:769][  0]LogConfig: Setting CVar [[r.SSS.SampleSet:2]]
[2021.10.20-18.34.38:769][  0]LogConfig: Setting CVar [[r.SSS.Quality:1]]
[2021.10.20-18.34.38:769][  0]LogConfig: Setting CVar [[r.SSS.HalfRes:0]]
[2021.10.20-18.34.38:769][  0]LogConfig: Setting CVar [[r.SSGI.Quality:3]]
[2021.10.20-18.34.38:769][  0]LogConfig: Setting CVar [[r.EmitterSpawnRateScale:1.0]]
[2021.10.20-18.34.38:769][  0]LogConfig: Setting CVar [[r.ParticleLightQuality:2]]
[2021.10.20-18.34.38:769][  0]LogConfig: Setting CVar [[r.SkyAtmosphere.AerialPerspectiveLUT.FastApplyOnOpaque:1 ; Always have FastSkyLUT 1 in this case to avoid wrong sky]]
[2021.10.20-18.34.38:769][  0]LogConfig: Setting CVar [[r.SkyAtmosphere.AerialPerspectiveLUT.SampleCountMaxPerSlice:4]]
[2021.10.20-18.34.38:769][  0]LogConfig: Setting CVar [[r.SkyAtmosphere.AerialPerspectiveLUT.DepthResolution:16.0]]
[2021.10.20-18.34.38:769][  0]LogConfig: Setting CVar [[r.SkyAtmosphere.FastSkyLUT:1]]
[2021.10.20-18.34.38:769][  0]LogConfig: Setting CVar [[r.SkyAtmosphere.FastSkyLUT.SampleCountMin:4.0]]
[2021.10.20-18.34.38:769][  0]LogConfig: Setting CVar [[r.SkyAtmosphere.FastSkyLUT.SampleCountMax:128.0]]
[2021.10.20-18.34.38:769][  0]LogConfig: Setting CVar [[r.SkyAtmosphere.SampleCountMin:4.0]]
[2021.10.20-18.34.38:769][  0]LogConfig: Setting CVar [[r.SkyAtmosphere.SampleCountMax:128.0]]
[2021.10.20-18.34.38:769][  0]LogConfig: Setting CVar [[r.SkyAtmosphere.TransmittanceLUT.UseSmallFormat:0]]
[2021.10.20-18.34.38:769][  0]LogConfig: Setting CVar [[r.SkyAtmosphere.TransmittanceLUT.SampleCount:10.0]]
[2021.10.20-18.34.38:769][  0]LogConfig: Setting CVar [[r.SkyAtmosphere.MultiScatteringLUT.SampleCount:15.0]]
[2021.10.20-18.34.38:769][  0]LogConfig: Setting CVar [[r.SkyLight.RealTimeReflectionCapture:1]]
[2021.10.20-18.34.38:769][  0]LogConfig: Applying CVar settings from Section [FoliageQuality@3] File [E:/Courses/C++/Bulls and Cows/BullCowGame-starter-kit/Saved/Config/Windows/Scalability.ini]
[2021.10.20-18.34.38:770][  0]LogConfig: Setting CVar [[foliage.DensityScale:1.0]]
[2021.10.20-18.34.38:770][  0]LogConfig: Setting CVar [[grass.DensityScale:1.0]]
[2021.10.20-18.34.38:770][  0]LogConfig: Applying CVar settings from Section [ShadingQuality@3] File [E:/Courses/C++/Bulls and Cows/BullCowGame-starter-kit/Saved/Config/Windows/Scalability.ini]
[2021.10.20-18.34.38:770][  0]LogConfig: Setting CVar [[r.HairStrands.SkyLighting.IntegrationType:2]]
[2021.10.20-18.34.38:770][  0]LogConfig: Setting CVar [[r.HairStrands.SkyAO.SampleCount:4]]
[2021.10.20-18.34.38:770][  0]LogConfig: Setting CVar [[r.HairStrands.Visibility.MSAA.SamplePerPixel:4]]
[2021.10.20-18.34.38:770][  0]LogInit: Selected Device Profile: [Windows]
[2021.10.20-18.34.38:770][  0]LogInit: Applying CVar settings loaded from the selected device profile: [Windows]
[2021.10.20-18.34.38:770][  0]LogHAL: Display: Platform has ~ 16 GB [17125535744 / 17179869184 / 16], which maps to Larger [LargestMinGB=32, LargerMinGB=12, DefaultMinGB=8, SmallerMinGB=6, SmallestMinGB=0)
[2021.10.20-18.34.38:770][  0]LogInit: Going up to parent DeviceProfile []
[2021.10.20-18.34.38:770][  0]LogConfig: Applying CVar settings from Section [ViewDistanceQuality@3] File [E:/Courses/C++/Bulls and Cows/BullCowGame-starter-kit/Saved/Config/Windows/Scalability.ini]
[2021.10.20-18.34.38:770][  0]LogConfig: Setting CVar [[r.SkeletalMeshLODBias:0]]
[2021.10.20-18.34.38:770][  0]LogConfig: Setting CVar [[r.ViewDistanceScale:1.0]]
[2021.10.20-18.34.38:770][  0]LogConfig: Applying CVar settings from Section [AntiAliasingQuality@3] File [E:/Courses/C++/Bulls and Cows/BullCowGame-starter-kit/Saved/Config/Windows/Scalability.ini]
[2021.10.20-18.34.38:770][  0]LogConfig: Setting CVar [[r.PostProcessAAQuality:4]]
[2021.10.20-18.34.38:770][  0]LogConfig: Applying CVar settings from Section [ShadowQuality@3] File [E:/Courses/C++/Bulls and Cows/BullCowGame-starter-kit/Saved/Config/Windows/Scalability.ini]
[2021.10.20-18.34.38:770][  0]LogConfig: Setting CVar [[r.LightFunctionQuality:1]]
[2021.10.20-18.34.38:770][  0]LogConfig: Setting CVar [[r.ShadowQuality:5]]
[2021.10.20-18.34.38:770][  0]LogConfig: Setting CVar [[r.Shadow.CSM.MaxCascades:10]]
[2021.10.20-18.34.38:770][  0]LogConfig: Setting CVar [[r.Shadow.MaxResolution:2048]]
[2021.10.20-18.34.38:770][  0]LogConfig: Setting CVar [[r.Shadow.MaxCSMResolution:2048]]
[2021.10.20-18.34.38:770][  0]LogConfig: Setting CVar [[r.Shadow.RadiusThreshold:0.01]]
[2021.10.20-18.34.38:770][  0]LogConfig: Setting CVar [[r.Shadow.DistanceScale:1.0]]
[2021.10.20-18.34.38:770][  0]LogConfig: Setting CVar [[r.Shadow.CSM.TransitionScale:1.0]]
[2021.10.20-18.34.38:770][  0]LogConfig: Setting CVar [[r.Shadow.PreShadowResolutionFactor:1.0]]
[2021.10.20-18.34.38:770][  0]LogConfig: Setting CVar [[r.DistanceFieldShadowing:1]]
[2021.10.20-18.34.38:770][  0]LogConfig: Setting CVar [[r.DistanceFieldAO:1]]
[2021.10.20-18.34.38:770][  0]LogConfig: Setting CVar [[r.AOQuality:2]]
[2021.10.20-18.34.38:770][  0]LogConfig: Setting CVar [[r.VolumetricFog:1]]
[2021.10.20-18.34.38:770][  0]LogConfig: Setting CVar [[r.VolumetricFog.GridPixelSize:8]]
[2021.10.20-18.34.38:770][  0]LogConfig: Setting CVar [[r.VolumetricFog.GridSizeZ:128]]
[2021.10.20-18.34.38:770][  0]LogConfig: Setting CVar [[r.VolumetricFog.HistoryMissSupersampleCount:4]]
[2021.10.20-18.34.38:770][  0]LogConfig: Setting CVar [[r.LightMaxDrawDistanceScale:1]]
[2021.10.20-18.34.38:770][  0]LogConfig: Setting CVar [[r.CapsuleShadows:1]]
[2021.10.20-18.34.38:770][  0]LogConfig: Applying CVar settings from Section [PostProcessQuality@3] File [E:/Courses/C++/Bulls and Cows/BullCowGame-starter-kit/Saved/Config/Windows/Scalability.ini]
[2021.10.20-18.34.38:770][  0]LogConfig: Setting CVar [[r.MotionBlurQuality:4]]
[2021.10.20-18.34.38:770][  0]LogConfig: Setting CVar [[r.AmbientOcclusionMipLevelFactor:0.4]]
[2021.10.20-18.34.38:770][  0]LogConfig: Setting CVar [[r.AmbientOcclusionMaxQuality:100]]
[2021.10.20-18.34.38:770][  0]LogConfig: Setting CVar [[r.AmbientOcclusionLevels:-1]]
[2021.10.20-18.34.38:770][  0]LogConfig: Setting CVar [[r.AmbientOcclusionRadiusScale:1.0]]
[2021.10.20-18.34.38:770][  0]LogConfig: Setting CVar [[r.DepthOfFieldQuality:2]]
[2021.10.20-18.34.38:770][  0]LogConfig: Setting CVar [[r.RenderTargetPoolMin:400]]
[2021.10.20-18.34.38:770][  0]LogConfig: Setting CVar [[r.LensFlareQuality:2]]
[2021.10.20-18.34.38:770][  0]LogConfig: Setting CVar [[r.SceneColorFringeQuality:1]]
[2021.10.20-18.34.38:770][  0]LogConfig: Setting CVar [[r.EyeAdaptationQuality:2]]
[2021.10.20-18.34.38:770][  0]LogConfig: Setting CVar [[r.BloomQuality:5]]
[2021.10.20-18.34.38:770][  0]LogConfig: Setting CVar [[r.FastBlurThreshold:100]]
[2021.10.20-18.34.38:770][  0]LogConfig: Setting CVar [[r.Upscale.Quality:3]]
[2021.10.20-18.34.38:770][  0]LogConfig: Setting CVar [[r.Tonemapper.GrainQuantization:1]]
[2021.10.20-18.34.38:770][  0]LogConfig: Setting CVar [[r.LightShaftQuality:1]]
[2021.10.20-18.34.38:770][  0]LogConfig: Setting CVar [[r.Filter.SizeScale:1]]
[2021.10.20-18.34.38:770][  0]LogConfig: Setting CVar [[r.Tonemapper.Quality:5]]
[2021.10.20-18.34.38:770][  0]LogConfig: Setting CVar [[r.DOF.Gather.AccumulatorQuality:1        ; higher gathering accumulator quality]]
[2021.10.20-18.34.38:770][  0]LogConfig: Setting CVar [[r.DOF.Gather.PostfilterMethod:1          ; Median3x3 postfilering method]]
[2021.10.20-18.34.38:770][  0]LogConfig: Setting CVar [[r.DOF.Gather.EnableBokehSettings:0       ; no bokeh simulation when gathering]]
[2021.10.20-18.34.38:770][  0]LogConfig: Setting CVar [[r.DOF.Gather.RingCount:4                 ; medium number of samples when gathering]]
[2021.10.20-18.34.38:770][  0]LogConfig: Setting CVar [[r.DOF.Scatter.ForegroundCompositing:1    ; additive foreground scattering]]
[2021.10.20-18.34.38:770][  0]LogConfig: Setting CVar [[r.DOF.Scatter.BackgroundCompositing:2    ; additive background scattering]]
[2021.10.20-18.34.38:770][  0]LogConfig: Setting CVar [[r.DOF.Scatter.EnableBokehSettings:1      ; bokeh simulation when scattering]]
[2021.10.20-18.34.38:770][  0]LogConfig: Setting CVar [[r.DOF.Scatter.MaxSpriteRatio:0.1         ; only a maximum of 10% of scattered bokeh]]
[2021.10.20-18.34.38:770][  0]LogConfig: Setting CVar [[r.DOF.Recombine.Quality:1                ; cheap slight out of focus]]
[2021.10.20-18.34.38:770][  0]LogConfig: Setting CVar [[r.DOF.Recombine.EnableBokehSettings:0    ; no bokeh simulation on slight out of focus]]
[2021.10.20-18.34.38:770][  0]LogConfig: Setting CVar [[r.DOF.TemporalAAQuality:1                ; more stable temporal accumulation]]
[2021.10.20-18.34.38:770][  0]LogConfig: Setting CVar [[r.DOF.Kernel.MaxForegroundRadius:0.025]]
[2021.10.20-18.34.38:770][  0]LogConfig: Setting CVar [[r.DOF.Kernel.MaxBackgroundRadius:0.025]]
[2021.10.20-18.34.38:770][  0]LogConfig: Applying CVar settings from Section [TextureQuality@3] File [E:/Courses/C++/Bulls and Cows/BullCowGame-starter-kit/Saved/Config/Windows/Scalability.ini]
[2021.10.20-18.34.38:770][  0]LogConfig: Setting CVar [[r.Streaming.MipBias:0]]
[2021.10.20-18.34.38:770][  0]LogConfig: Setting CVar [[r.Streaming.AmortizeCPUToGPUCopy:0]]
[2021.10.20-18.34.38:770][  0]LogConfig: Setting CVar [[r.Streaming.MaxNumTexturesToStreamPerFrame:0]]
[2021.10.20-18.34.38:770][  0]LogConfig: Setting CVar [[r.Streaming.Boost:1]]
[2021.10.20-18.34.38:770][  0]LogConfig: Setting CVar [[r.MaxAnisotropy:8]]
[2021.10.20-18.34.38:770][  0]LogConfig: Setting CVar [[r.VT.MaxAnisotropy:8]]
[2021.10.20-18.34.38:770][  0]LogConfig: Setting CVar [[r.Streaming.LimitPoolSizeToVRAM:0]]
[2021.10.20-18.34.38:770][  0]LogConfig: Setting CVar [[r.Streaming.PoolSize:1000]]
[2021.10.20-18.34.38:770][  0]LogConfig: Setting CVar [[r.Streaming.MaxEffectiveScreenSize:0]]
[2021.10.20-18.34.38:770][  0]LogConfig: Applying CVar settings from Section [EffectsQuality@3] File [E:/Courses/C++/Bulls and Cows/BullCowGame-starter-kit/Saved/Config/Windows/Scalability.ini]
[2021.10.20-18.34.38:770][  0]LogConfig: Setting CVar [[r.TranslucencyLightingVolumeDim:64]]
[2021.10.20-18.34.38:770][  0]LogConfig: Setting CVar [[r.RefractionQuality:2]]
[2021.10.20-18.34.38:770][  0]LogConfig: Setting CVar [[r.SSR.Quality:3]]
[2021.10.20-18.34.38:770][  0]LogConfig: Setting CVar [[r.SSR.HalfResSceneColor:0]]
[2021.10.20-18.34.38:770][  0]LogConfig: Setting CVar [[r.SceneColorFormat:4]]
[2021.10.20-18.34.38:770][  0]LogConfig: Setting CVar [[r.DetailMode:2]]
[2021.10.20-18.34.38:770][  0]LogConfig: Setting CVar [[r.TranslucencyVolumeBlur:1]]
[2021.10.20-18.34.38:770][  0]LogConfig: Setting CVar [[r.MaterialQualityLevel:1 ; High quality]]
[2021.10.20-18.34.38:770][  0]LogConfig: Setting CVar [[r.AnisotropicMaterials:1]]
[2021.10.20-18.34.38:770][  0]LogConfig: Setting CVar [[r.SSS.Scale:1]]
[2021.10.20-18.34.38:770][  0]LogConfig: Setting CVar [[r.SSS.SampleSet:2]]
[2021.10.20-18.34.38:770][  0]LogConfig: Setting CVar [[r.SSS.Quality:1]]
[2021.10.20-18.34.38:770][  0]LogConfig: Setting CVar [[r.SSS.HalfRes:0]]
[2021.10.20-18.34.38:770][  0]LogConfig: Setting CVar [[r.SSGI.Quality:3]]
[2021.10.20-18.34.38:770][  0]LogConfig: Setting CVar [[r.EmitterSpawnRateScale:1.0]]
[2021.10.20-18.34.38:770][  0]LogConfig: Setting CVar [[r.ParticleLightQuality:2]]
[2021.10.20-18.34.38:770][  0]LogConfig: Setting CVar [[r.SkyAtmosphere.AerialPerspectiveLUT.FastApplyOnOpaque:1 ; Always have FastSkyLUT 1 in this case to avoid wrong sky]]
[2021.10.20-18.34.38:770][  0]LogConfig: Setting CVar [[r.SkyAtmosphere.AerialPerspectiveLUT.SampleCountMaxPerSlice:4]]
[2021.10.20-18.34.38:770][  0]LogConfig: Setting CVar [[r.SkyAtmosphere.AerialPerspectiveLUT.DepthResolution:16.0]]
[2021.10.20-18.34.38:770][  0]LogConfig: Setting CVar [[r.SkyAtmosphere.FastSkyLUT:1]]
[2021.10.20-18.34.38:770][  0]LogConfig: Setting CVar [[r.SkyAtmosphere.FastSkyLUT.SampleCountMin:4.0]]
[2021.10.20-18.34.38:770][  0]LogConfig: Setting CVar [[r.SkyAtmosphere.FastSkyLUT.SampleCountMax:128.0]]
[2021.10.20-18.34.38:770][  0]LogConfig: Setting CVar [[r.SkyAtmosphere.SampleCountMin:4.0]]
[2021.10.20-18.34.38:771][  0]LogConfig: Setting CVar [[r.SkyAtmosphere.SampleCountMax:128.0]]
[2021.10.20-18.34.38:771][  0]LogConfig: Setting CVar [[r.SkyAtmosphere.TransmittanceLUT.UseSmallFormat:0]]
[2021.10.20-18.34.38:771][  0]LogConfig: Setting CVar [[r.SkyAtmosphere.TransmittanceLUT.SampleCount:10.0]]
[2021.10.20-18.34.38:771][  0]LogConfig: Setting CVar [[r.SkyAtmosphere.MultiScatteringLUT.SampleCount:15.0]]
[2021.10.20-18.34.38:771][  0]LogConfig: Setting CVar [[r.SkyLight.RealTimeReflectionCapture:1]]
[2021.10.20-18.34.38:771][  0]LogConfig: Applying CVar settings from Section [FoliageQuality@3] File [E:/Courses/C++/Bulls and Cows/BullCowGame-starter-kit/Saved/Config/Windows/Scalability.ini]
[2021.10.20-18.34.38:771][  0]LogConfig: Setting CVar [[foliage.DensityScale:1.0]]
[2021.10.20-18.34.38:771][  0]LogConfig: Setting CVar [[grass.DensityScale:1.0]]
[2021.10.20-18.34.38:771][  0]LogConfig: Applying CVar settings from Section [ShadingQuality@3] File [E:/Courses/C++/Bulls and Cows/BullCowGame-starter-kit/Saved/Config/Windows/Scalability.ini]
[2021.10.20-18.34.38:771][  0]LogConfig: Setting CVar [[r.HairStrands.SkyLighting.IntegrationType:2]]
[2021.10.20-18.34.38:771][  0]LogConfig: Setting CVar [[r.HairStrands.SkyAO.SampleCount:4]]
[2021.10.20-18.34.38:771][  0]LogConfig: Setting CVar [[r.HairStrands.Visibility.MSAA.SamplePerPixel:4]]
[2021.10.20-18.34.38:771][  0]LogConfig: Applying CVar settings from Section [Startup] File [../../../Engine/Config/ConsoleVariables.ini]
[2021.10.20-18.34.38:771][  0]LogConfig: Setting CVar [[net.UseAdaptiveNetUpdateFrequency:0]]
[2021.10.20-18.34.38:771][  0]LogConfig: Setting CVar [[p.chaos.AllowCreatePhysxBodies:1]]
[2021.10.20-18.34.38:771][  0]LogConfig: Setting CVar [[fx.SkipVectorVMBackendOptimizations:1]]
[2021.10.20-18.34.38:771][  0]LogConfig: Applying CVar settings from Section [ConsoleVariables] File [E:/Courses/C++/Bulls and Cows/BullCowGame-starter-kit/Saved/Config/Windows/Engine.ini]
[2021.10.20-18.34.38:771][  0]LogConfig: Applying CVar settings from Section [ConsoleVariables] File [E:/Courses/C++/Bulls and Cows/BullCowGame-starter-kit/Saved/Config/Windows/Editor.ini]
[2021.10.20-18.34.38:771][  0]LogInit: Computer: DESKTOP-OBIPSE0
[2021.10.20-18.34.38:771][  0]LogInit: User: gabri
[2021.10.20-18.34.38:771][  0]LogInit: CPU Page size=4096, Cores=8
[2021.10.20-18.34.38:771][  0]LogInit: High frequency timer resolution =10.000000 MHz
[2021.10.20-18.34.38:771][  0]LogMemory: Memory total: Physical=15.9GB (16GB approx)
[2021.10.20-18.34.38:771][  0]LogMemory: Platform Memory Stats for Windows
[2021.10.20-18.34.38:771][  0]LogMemory: Process Physical Memory: 145.20 MB used, 145.20 MB peak
[2021.10.20-18.34.38:771][  0]LogMemory: Process Virtual Memory: 133.03 MB used, 133.03 MB peak
[2021.10.20-18.34.38:771][  0]LogMemory: Physical Memory: 6577.61 MB used,  9754.58 MB free, 16332.18 MB total
[2021.10.20-18.34.38:771][  0]LogMemory: Virtual Memory: 134201616.00 MB used,  16110.26 MB free, 134217728.00 MB total
[2021.10.20-18.34.38:775][  0]LogWindows: WindowsPlatformFeatures enabled
[2021.10.20-18.34.38:792][  0]LogInit: Physics initialised using underlying interface: PhysX
[2021.10.20-18.34.38:795][  0]LogInit: Using OS detected language (pt-BR).
[2021.10.20-18.34.38:795][  0]LogInit: Using OS detected locale (pt-BR).
[2021.10.20-18.34.38:815][  0]LogTextLocalizationResource: LocRes '../../../Engine/Content/Localization/Editor/pt/Editor.locres' could not be opened for reading!
[2021.10.20-18.34.38:816][  0]LogTextLocalizationResource: LocRes '../../../Engine/Content/Localization/EditorTutorials/pt/EditorTutorials.locres' could not be opened for reading!
[2021.10.20-18.34.38:816][  0]LogTextLocalizationResource: LocRes '../../../Engine/Content/Localization/Keywords/pt/Keywords.locres' could not be opened for reading!
[2021.10.20-18.34.38:816][  0]LogTextLocalizationResource: LocRes '../../../Engine/Content/Localization/Category/pt/Category.locres' could not be opened for reading!
[2021.10.20-18.34.38:816][  0]LogTextLocalizationResource: LocRes '../../../Engine/Content/Localization/ToolTips/pt/ToolTips.locres' could not be opened for reading!
[2021.10.20-18.34.38:816][  0]LogTextLocalizationResource: LocRes '../../../Engine/Content/Localization/PropertyNames/pt/PropertyNames.locres' could not be opened for reading!
[2021.10.20-18.34.38:816][  0]LogTextLocalizationResource: LocRes '../../../Engine/Content/Localization/Engine/pt/Engine.locres' could not be opened for reading!
[2021.10.20-18.34.38:816][  0]LogTextLocalizationResource: LocRes '../../../Engine/Plugins/Online/OnlineSubsystem/Content/Localization/OnlineSubsystem/pt/OnlineSubsystem.locres' could not be opened for reading!
[2021.10.20-18.34.38:816][  0]LogTextLocalizationResource: LocRes '../../../Engine/Plugins/Online/OnlineSubsystemUtils/Content/Localization/OnlineSubsystemUtils/pt/OnlineSubsystemUtils.locres' could not be opened for reading!
[2021.10.20-18.34.38:816][  0]LogTextLocalizationResource: LocRes '../../../Engine/Plugins/Online/Android/OnlineSubsystemGooglePlay/Content/Localization/OnlineSubsystemGooglePlay/pt/OnlineSubsystemGooglePlay.locres' could not be opened for reading!
[2021.10.20-18.34.38:816][  0]LogTextLocalizationResource: LocRes '../../../Engine/Plugins/Online/IOS/OnlineSubsystemIOS/Content/Localization/OnlineSubsystemIOS/pt/OnlineSubsystemIOS.locres' could not be opened for reading!
[2021.10.20-18.34.38:824][  0]LogInit: Setting process to per monitor DPI aware
[2021.10.20-18.34.38:833][  0]LogWindowsTextInputMethodSystem: Display: IME system deactivated.
[2021.10.20-18.34.38:848][  0]LogSlate: New Slate User Created.  User Index 0, Is Virtual User: 0
[2021.10.20-18.34.38:848][  0]LogSlate: Slate User Registered.  User Index 0, Is Virtual User: 0
[2021.10.20-18.34.38:955][  0]LogD3D11RHI: Loaded GFSDK_Aftermath_Lib.x64.dll
[2021.10.20-18.34.38:957][  0]LogHMD: Failed to initialize OpenVR with code 101
[2021.10.20-18.34.38:957][  0]LogD3D11RHI: D3D11 min allowed feature level: 11_0
[2021.10.20-18.34.38:957][  0]LogD3D11RHI: D3D11 max allowed feature level: 11_0
[2021.10.20-18.34.38:957][  0]LogD3D11RHI: D3D11 adapters:
[2021.10.20-18.34.38:996][  0]LogD3D11RHI:    0. 'Radeon RX 570 Series' (Feature Level 11_0)
[2021.10.20-18.34.38:996][  0]LogD3D11RHI:       8171/0/8166 MB DedicatedVideo/DedicatedSystem/SharedSystem, Outputs:2, VendorId:0x1002
[2021.10.20-18.34.38:998][  0]LogD3D11RHI:    1. 'Microsoft Basic Render Driver' (Feature Level 11_0)
[2021.10.20-18.34.38:998][  0]LogD3D11RHI:       0/0/8166 MB DedicatedVideo/DedicatedSystem/SharedSystem, Outputs:0, VendorId:0x1414
[2021.10.20-18.34.38:998][  0]LogD3D11RHI: Chosen D3D11 Adapter:
[2021.10.20-18.34.38:998][  0]LogD3D11RHI:     Description : Radeon RX 570 Series
[2021.10.20-18.34.38:998][  0]LogD3D11RHI:     VendorId    : 1002
[2021.10.20-18.34.38:998][  0]LogD3D11RHI:     DeviceId    : 67df
[2021.10.20-18.34.38:998][  0]LogD3D11RHI:     SubSysId    : 341b1462
[2021.10.20-18.34.38:998][  0]LogD3D11RHI:     Revision    : 00ef
[2021.10.20-18.34.38:998][  0]LogD3D11RHI:     DedicatedVideoMemory : 8568401920 bytes
[2021.10.20-18.34.38:998][  0]LogD3D11RHI:     DedicatedSystemMemory : 0 bytes
[2021.10.20-18.34.38:998][  0]LogD3D11RHI:     SharedSystemMemory : 8562767872 bytes
[2021.10.20-18.34.38:998][  0]LogD3D11RHI:     AdapterLuid : 0 39882
[2021.10.20-18.34.39:002][  0]LogD3D11RHI: Creating new Direct3DDevice
[2021.10.20-18.34.39:002][  0]LogD3D11RHI:     GPU DeviceId: 0x67df (for the marketing name, search the web for "GPU Device Id")
[2021.10.20-18.34.39:002][  0]LogWindows: EnumDisplayDevices:
[2021.10.20-18.34.39:003][  0]LogWindows:    0. 'Radeon RX 570 Series' (P:0 D:1)
[2021.10.20-18.34.39:003][  0]LogWindows:    1. 'Radeon RX 570 Series' (P:1 D:1)
[2021.10.20-18.34.39:003][  0]LogWindows:    2. 'Radeon RX 570 Series' (P:0 D:0)
[2021.10.20-18.34.39:003][  0]LogWindows:    3. 'Radeon RX 570 Series' (P:0 D:0)
[2021.10.20-18.34.39:004][  0]LogWindows:    4. 'Radeon RX 570 Series' (P:0 D:0)
[2021.10.20-18.34.39:004][  0]LogWindows:    5. 'Radeon RX 570 Series' (P:0 D:0)
[2021.10.20-18.34.39:004][  0]LogWindows:    6. 'Radeon RX 570 Series' (P:0 D:0)
[2021.10.20-18.34.39:004][  0]LogWindows:    7. 'Radeon RX 570 Series' (P:0 D:0)
[2021.10.20-18.34.39:004][  0]LogWindows: DebugString: FoundDriverCount:8 
[2021.10.20-18.34.39:004][  0]LogD3D11RHI:     Adapter Name: Radeon RX 570 Series
[2021.10.20-18.34.39:004][  0]LogD3D11RHI:   Driver Version: Adrenalin 2020 21.4.1 (internal:27.20.21002.112, unified:27.20.21002.112)
[2021.10.20-18.34.39:004][  0]LogD3D11RHI:      Driver Date: 4-13-2021
[2021.10.20-18.34.39:004][  0]LogRHI: Texture pool is 5182 MB (70% of 7403 MB)
[2021.10.20-18.34.39:034][  0]LogD3D11RHI: Creating D3DDevice with AMD AGS, using adapter:
[2021.10.20-18.34.39:034][  0]LogD3D11RHI:     Description : Radeon RX 570 Series
[2021.10.20-18.34.39:034][  0]LogD3D11RHI:     VendorId    : 1002
[2021.10.20-18.34.39:034][  0]LogD3D11RHI:     DeviceId    : 67df
[2021.10.20-18.34.39:034][  0]LogD3D11RHI:     SubSysId    : 341b1462
[2021.10.20-18.34.39:034][  0]LogD3D11RHI:     Revision    : 00ef
[2021.10.20-18.34.39:034][  0]LogD3D11RHI:     DedicatedVideoMemory : 8568401920 bytes
[2021.10.20-18.34.39:034][  0]LogD3D11RHI:     DedicatedSystemMemory : 0 bytes
[2021.10.20-18.34.39:034][  0]LogD3D11RHI:     SharedSystemMemory : 8562767872 bytes
[2021.10.20-18.34.39:034][  0]LogD3D11RHI:     AdapterLuid : 0 39882
[2021.10.20-18.34.39:063][  0]LogD3D11RHI: Created device via AGS, feature level 11_0, supported extensions 1fffffbf.
[2021.10.20-18.34.39:063][  0]LogD3D11RHI: RHI has support for 64 bit atomics
[2021.10.20-18.34.39:063][  0]LogD3D11RHI: Async texture creation enabled
[2021.10.20-18.34.39:063][  0]LogD3D11RHI: Array index from any shader is supported
[2021.10.20-18.34.39:073][  0]LogD3D11RHI: GPU Timing Frequency: 25.000000 (Debug: 2 1)
[2021.10.20-18.34.39:281][  0]LogTargetPlatformManager: Display: Loaded TargetPlatform 'AllDesktop'
[2021.10.20-18.34.39:299][  0]LogTargetPlatformManager: Display: Loaded TargetPlatform 'Android'
[2021.10.20-18.34.39:299][  0]LogTargetPlatformManager: Display: Loaded TargetPlatform 'Android_ASTC'
[2021.10.20-18.34.39:299][  0]LogTargetPlatformManager: Display: Loaded TargetPlatform 'Android_DXT'
[2021.10.20-18.34.39:299][  0]LogTargetPlatformManager: Display: Loaded TargetPlatform 'Android_ETC2'
[2021.10.20-18.34.39:299][  0]LogTargetPlatformManager: Display: Loaded TargetPlatform 'AndroidClient'
[2021.10.20-18.34.39:299][  0]LogTargetPlatformManager: Display: Loaded TargetPlatform 'Android_ASTCClient'
[2021.10.20-18.34.39:299][  0]LogTargetPlatformManager: Display: Loaded TargetPlatform 'Android_DXTClient'
[2021.10.20-18.34.39:299][  0]LogTargetPlatformManager: Display: Loaded TargetPlatform 'Android_ETC2Client'
[2021.10.20-18.34.39:299][  0]LogTargetPlatformManager: Display: Loaded TargetPlatform 'Android_Multi'
[2021.10.20-18.34.39:299][  0]LogTargetPlatformManager: Display: Loaded TargetPlatform 'Android_MultiClient'
[2021.10.20-18.34.39:314][  0]LogTargetPlatformManager: Display: Loaded TargetPlatform 'IOSClient'
[2021.10.20-18.34.39:314][  0]LogTargetPlatformManager: Display: Loaded TargetPlatform 'IOS'
[2021.10.20-18.34.39:321][  0]LogTargetPlatformManager: Display: Loaded TargetPlatform 'Linux'
[2021.10.20-18.34.39:325][  0]LogTargetPlatformManager: Display: Loaded TargetPlatform 'LinuxNoEditor'
[2021.10.20-18.34.39:328][  0]LogTargetPlatformManager: Display: Loaded TargetPlatform 'LinuxClient'
[2021.10.20-18.34.39:332][  0]LogTargetPlatformManager: Display: Loaded TargetPlatform 'LinuxServer'
[2021.10.20-18.34.39:339][  0]LogTargetPlatformManager: Display: Loaded TargetPlatform 'LinuxAArch64NoEditor'
[2021.10.20-18.34.39:342][  0]LogTargetPlatformManager: Display: Loaded TargetPlatform 'LinuxAArch64Client'
[2021.10.20-18.34.39:346][  0]LogTargetPlatformManager: Display: Loaded TargetPlatform 'LinuxAArch64Server'
[2021.10.20-18.34.39:365][  0]LogTargetPlatformManager: Display: Loaded TargetPlatform 'Lumin'
[2021.10.20-18.34.39:365][  0]LogTargetPlatformManager: Display: Loaded TargetPlatform 'LuminClient'
[2021.10.20-18.34.39:371][  0]LogTargetPlatformManager: Display: Loaded TargetPlatform 'MacNoEditor'
[2021.10.20-18.34.39:375][  0]LogTargetPlatformManager: Display: Loaded TargetPlatform 'Mac'
[2021.10.20-18.34.39:378][  0]LogTargetPlatformManager: Display: Loaded TargetPlatform 'MacClient'
[2021.10.20-18.34.39:382][  0]LogTargetPlatformManager: Display: Loaded TargetPlatform 'MacServer'
[2021.10.20-18.34.39:390][  0]LogTargetPlatformManager: Display: Loaded TargetPlatform 'TVOSClient'
[2021.10.20-18.34.39:390][  0]LogTargetPlatformManager: Display: Loaded TargetPlatform 'TVOS'
[2021.10.20-18.34.39:397][  0]LogTargetPlatformManager: Display: Loaded TargetPlatform 'WindowsNoEditor'
[2021.10.20-18.34.39:401][  0]LogTargetPlatformManager: Display: Loaded TargetPlatform 'Windows'
[2021.10.20-18.34.39:404][  0]LogTargetPlatformManager: Display: Loaded TargetPlatform 'WindowsClient'
[2021.10.20-18.34.39:408][  0]LogTargetPlatformManager: Display: Loaded TargetPlatform 'WindowsServer'
[2021.10.20-18.34.39:408][  0]LogTargetPlatformManager: Display: Building Assets For Windows
[2021.10.20-18.34.39:413][  0]LogAudioDebug: Display: Lib vorbis DLL was dynamically loaded.
[2021.10.20-18.34.39:438][  0]LogTextureFormatOodle: Display: Oodle Texture 2.9.0 init RDO Off
[2021.10.20-18.34.39:462][  0]LogRendererCore: Ray tracing is disabled. Reason: r.RayTracing=0.
[2021.10.20-18.34.39:462][  0]LogShaderCompilers: Guid format shader working directory is -8 characters bigger than the processId version (E:/Courses/C++/Bulls and Cows/BullCowGame-starter-kit/Intermediate/Shaders/WorkingDirectory/14360/).
[2021.10.20-18.34.39:462][  0]LogShaderCompilers: Cleaned the shader compiler working directory 'C:/Users/gabri/AppData/Local/Temp/UnrealShaderWorkingDir/DD58E7FD40EF3C552D22C4B517AFD119/'.
[2021.10.20-18.34.39:462][  0]LogXGEController: Cannot use XGE Controller as Incredibuild is not installed on this machine.
[2021.10.20-18.34.39:462][  0]LogShaderCompilers: Cannot use XGE Shader Compiler as Incredibuild is not installed on this machine.
[2021.10.20-18.34.39:462][  0]LogShaderCompilers: Display: Using Local Shader Compiler.
[2021.10.20-18.34.40:044][  0]LogDerivedDataCache: Display: Max Cache Size: 512 MB
[2021.10.20-18.34.40:087][  0]LogDerivedDataCache: Loaded boot cache 0.04s 96MB C:/Users/gabri/AppData/Local/UnrealEngine/4.27/DerivedDataCache/Boot.ddc.
[2021.10.20-18.34.40:087][  0]LogDerivedDataCache: Display: Loaded Boot cache: C:/Users/gabri/AppData/Local/UnrealEngine/4.27/DerivedDataCache/Boot.ddc
[2021.10.20-18.34.40:087][  0]LogDerivedDataCache: FDerivedDataBackendGraph:  Pak pak cache file E:/Courses/C++/Bulls and Cows/BullCowGame-starter-kit/DerivedDataCache/DDC.ddp not found, will not use a pak cache.
[2021.10.20-18.34.40:087][  0]LogDerivedDataCache: Unable to find inner node Pak for hierarchical cache Hierarchy.
[2021.10.20-18.34.40:087][  0]LogDerivedDataCache: FDerivedDataBackendGraph:  CompressedPak pak cache file E:/Courses/C++/Bulls and Cows/BullCowGame-starter-kit/DerivedDataCache/Compressed.ddp not found, will not use a pak cache.
[2021.10.20-18.34.40:087][  0]LogDerivedDataCache: Unable to find inner node CompressedPak for hierarchical cache Hierarchy.
[2021.10.20-18.34.40:102][  0]LogDerivedDataCache: Display: Pak cache opened for reading ../../../Engine/DerivedDataCache/Compressed.ddp.
[2021.10.20-18.34.40:102][  0]LogDerivedDataCache: FDerivedDataBackendGraph:  EnterprisePak pak cache file ../../../Enterprise/DerivedDataCache/Compressed.ddp not found, will not use a pak cache.
[2021.10.20-18.34.40:102][  0]LogDerivedDataCache: Unable to find inner node EnterprisePak for hierarchical cache Hierarchy.
[2021.10.20-18.34.40:108][  0]LogDerivedDataCache: Speed tests for C:/Users/gabri/AppData/Local/UnrealEngine/Common/DerivedDataCache took 0.01 seconds
[2021.10.20-18.34.40:108][  0]LogDerivedDataCache: Display: Performance to C:/Users/gabri/AppData/Local/UnrealEngine/Common/DerivedDataCache: Latency=0.03ms. RandomReadSpeed=1632.46MBs, RandomWriteSpeed=221.96MBs. Assigned SpeedClass 'Local'
[2021.10.20-18.34.40:108][  0]LogDerivedDataCache: Using Local data cache path C:/Users/gabri/AppData/Local/UnrealEngine/Common/DerivedDataCache: Writable
[2021.10.20-18.34.40:109][  0]LogDerivedDataCache: Shared data cache path not found in *engine.ini, will not use an Shared cache.
[2021.10.20-18.34.40:109][  0]LogDerivedDataCache: Unable to find inner node Shared for hierarchical cache Hierarchy.
[2021.10.20-18.34.40:150][  0]LogSlate: Using FreeType 2.10.0
[2021.10.20-18.34.40:150][  0]LogSlate: SlateFontServices - WITH_FREETYPE: 1, WITH_HARFBUZZ: 1
[2021.10.20-18.34.40:166][  0]LogAssetRegistry: FAssetRegistry took 0.0023 seconds to start up
[2021.10.20-18.34.40:355][  0]LogInit: Selected Device Profile: [Windows]
[2021.10.20-18.34.40:355][  0]LogInit: Active device profile: [000001CF27AAE100][000001CF1CBCD080 49] Windows
[2021.10.20-18.34.40:355][  0]LogInit: Profiles: [000001CF27AAE100][000001CF1CBCD080 49] Windows, [000001CF27A7E000][000001CF1CA13200 49] WindowsNoEditor, [000001CF27AAE400][000001CF1CA67380 49] WindowsServer, [000001CF27A7E100][000001CF1CA8B500 49] WindowsClient, [000001CF27AADD00][000001CF1D0A1680 49] IOS, [000001CF27A7FD00][000001CF1D0A5800 49] iPadAir, [000001CF27AADA00][000001CF1D0A9980 49] iPadAir2, [000001CF279F5B00][000001CF1D0B00C0 49] IPadPro, [000001CF279F5C00][000001CF1D0AC100 49] iPadAir3, [000001CF27AADE00][000001CF1D0B4280 49] iPadAir4, [000001CF279F7C00][000001CF1D0B8400 49] iPadMini2, [000001CF27AAC300][000001CF1CBD0540 49] iPadMini3, [000001CF279F4800][000001CF1D0BC680 49] iPadMini4, [000001CF27AAD400][000001CF1CB467C0 49] iPadMini5, [000001CF27A25300][000001CF1CB5AA40 49] iPhone6, [000001CF27A25400][000001CF285DCA80 49] iPodTouch6, [000001CF27A7E800][000001CF0EF68D40 49] iPhone7, [000001CF27A7FE00][000001CF1CB66D80 49] iPodTouch7, [000001CF27A27500][000001CF0EF6CF00 49] iPhone5S, [000001CF27A7D600][000001CF0EF75080 49] iPhone6Plus, [000001CF27A24600][000001CF0EF79200 49] iPhone6S, [000001CF27A7E700][000001CF0EF87380 49] iPhone6SPlus, [000001CF27A26300][000001CF0EF8B500 49] iPhone7Plus, [000001CF27A7CC00][000001CF0EF8F680 49] iPhoneSE, [000001CF27A27D00][000001CF0EF93800 49] iPhone8, [000001CF27A7F000][000001CF0EF97980 49] iPhone8Plus, [000001CF27A24300][000001CF0EF9BB00 49] iPhoneX, [000001CF27A7E500][000001CF0EF9E100 49] iPhoneXS, [000001CF27A26E00][000001CF0EFA2280 49] iPhoneXSMax, [000001CF27A7C900][000001CF0EFA6400 49] iPhoneXR, [000001CF27A26D00][000001CF0EFD6580 49] iPhone11, [000001CF27A7F400][000001CF0EFDA700 49] iPhone11Pro, [000001CF27A26100][000001CF1CB56840 49] iPhone11ProMax, [000001CF27A7C200][000001CF0EFE2980 49] iPhoneSE2, [000001CF27A27100][000001CF0EFE6AC0 49] iPhone12Mini, [000001CF27A7EF00][000001CF1CA1AC40 49] iPhone12, [000001CF27A24C00][000001CF1CA1EDC0 49] iPhone12Pro, [000001CF27A7FC00][000001CF1CA22F40 49] iPhone12ProMax, [000001CF27A26A00][000001CF1D0990C0 49] iPadPro105, [000001CF27A7D000][000001CF1D09D240 49] iPadPro129, [000001CF27A26500][000001CF0EFDF3C0 49] iPadPro97, [000001CF27A7D800][000001CF285AD540 49] iPadPro2_129, [000001CF27A25B00][000001CF285B16C0 49] iPad5, [000001CF27A7C400][000001CF285B5840 49] iPad6, [000001CF279F6300][000001CF1CA499C0 49] iPad7, [000001CF27B60E00][000001CF0EFD3B40 49] iPad8, [000001CF279F4500][000001CF0EFEA140 49] iPadPro11, [000001CF27A27800][000001CF1CA4C2C0 49] iPadPro2_11, [000001CF279F5200][000001CF1CA50440 49] iPadPro3_129, [000001CF27A25D00][000001CF1CA545C0 49] iPadPro4_129, [000001CF279F4400][000001CF1CA58740 49] AppleTV, [000001CF27A26F00][000001CF1CA5C8C0 49] AppleTV4K, [000001CF279F6100][000001CF1CA16A00 49] TVOS, [000001CF27A27000][000001CF1CA60B40 49] Mac, [000001CF279F6E00][000001CF1CA6AC80 49] MacClient, [000001CF27A7EB00][000001CF1CA6EDC0 49] MacNoEditor, [000001CF279F6800][000001CF1CA76F40 49] MacServer, [000001CF27A7EC00][000001CF1CA7B0C0 49] Linux, [000001CF279F5800][000001CF1CA7F240 49] LinuxAArch64, [000001CF27A7CF00][000001CF1CA833C0 49] LinuxNoEditor, [000001CF279F5000][000001CF1CA87540 49] LinuxAArch64NoEditor, [000001CF27A7CA00][000001CF1CB0B6C0 49] LinuxClient, [000001CF279F6000][000001CF1CB0F840 49] LinuxAArch64Client, [000001CF27A7FB00][000001CF1CB139C0 49] LinuxServer, [000001CF279F5A00][000001CF1CB17B40 49] LinuxAArch64Server, [000001CF27A7DD00][000001CF1CB1A140 49] Android, [000001CF279F7A00][000001CF1CB1E2C0 49] Android_Low, [000001CF27A7DC00][000001CF1CB22440 49] Android_Mid, [000001CF279F5100][000001CF1CB265C0 49] Android_High, [000001CF27A7CB00][000001CF1CB2A740 49] Android_Default, [000001CF279F7E00][000001CF1CB2E8C0 49] Android_Adreno4xx, [000001CF27A7F900][000001CF1CB32A40 49] Android_Adreno5xx_Low, [000001CF279F7D00][000001CF1CA72B80 49] Android_Adreno5xx, [000001CF27A7C300][000001CF1CB36CC0 49] Android_Adreno6xx, [000001CF279F7800][000001CF1CB3AE00 49] Android_Adreno6xx_Vulkan, [000001CF27A7D300][000001CF1CB3EF40 49] Android_Mali_T6xx, [000001CF279F7900][000001CF1D0330C0 49] Android_Mali_T7xx, [000001CF27A7E900][000001CF1D037240 49] Android_Mali_T8xx, [000001CF279F6200][000001CF1D03B3C0 49] Android_Mali_G71, [000001CF27A7C800][000001CF1D03F540 49] Android_Mali_G72, [000001CF279F6D00][000001CF1D0436C0 49] Android_Mali_G72_Vulkan, [000001CF27A7FF00][000001CF1D047840 49] Android_Mali_G76, [000001CF279F4C00][000001CF1D04B9C0 49] Android_Mali_G76_Vulkan, [000001CF27A7FA00][000001CF1D04FB40 49] Android_Mali_G77, [000001CF279F4300][000001CF1D052140 49] Android_Mali_G77_Vulkan, [000001CF27A7C500][000001CF1D0562C0 49] Android_Mali_G78, [000001CF279F4900][000001CF1D05A440 49] Android_Mali_G78_Vulkan, [000001CF27A7F700][000001CF1D05E5C0 49] Android_Mali_G710, [000001CF279F4100][000001CF1D062740 49] Android_Mali_G710_Vulkan, [000001CF27A7F600][000001CF1D0668C0 49] Android_Vulkan_SM5, [000001CF279F4600][000001CF1D06AA40 49] Android_PowerVR_G6xxx, [000001CF27A7EE00][000001CF1D06EBC0 49] Android_PowerVR_GT7xxx, [000001CF279F5F00][000001CF1D072D40 49] Android_PowerVR_GE8xxx, [000001CF27A7E600][000001CF1CB42E80 49] Android_PowerVR_GM9xxx, [000001CF27AAD200][000001CF1D076FC0 49] Android_PowerVR_GM9xxx_Vulkan, [000001CF27A27C00][000001CF1D07B100 49] Android_TegraK1, [000001CF27AAF100][000001CF1D083280 49] Android_Unknown_Vulkan, [000001CF27A26700][000001CF1D087400 49] Lumin, [000001CF27AAC900][000001CF1D08B580 49] Lumin_Desktop, [000001CF27A25100][000001CF1D08F700 49] HoloLens, 
[2021.10.20-18.34.40:453][  0]LogMeshReduction: Using QuadricMeshReduction for automatic static mesh reduction
[2021.10.20-18.34.40:453][  0]LogMeshReduction: Using SimplygonMeshReduction for automatic skeletal mesh reduction
[2021.10.20-18.34.40:453][  0]LogMeshReduction: Using ProxyLODMeshReduction for automatic mesh merging
[2021.10.20-18.34.40:453][  0]LogMeshReduction: No distributed automatic mesh merging module available
[2021.10.20-18.34.40:453][  0]LogMeshMerging: No distributed automatic mesh merging module available
[2021.10.20-18.34.40:469][  0]LogNetVersion: BullCowGame 1.0.0, NetCL: 17155196, EngineNetVer: 17, GameNetVer: 0 (Checksum: 911001547)
[2021.10.20-18.34.40:742][  0]LogTexture: Default maximum texture size for cubemaps generated from long-lat sources has been changed from 512 to unlimited. In order to preserve old behaiour for '/Engine/MapTemplates/Sky/DaylightAmbientCubemap.DaylightAmbientCubemap', its maximum texture size has been explicitly set to 512.
[2021.10.20-18.34.40:777][  0]LogHMD: PokeAHoleMaterial loaded successfully
[2021.10.20-18.34.40:781][  0]LogUObjectArray: 17178 objects as part of root set at end of initial load.
[2021.10.20-18.34.40:781][  0]LogUObjectAllocator: 4301856 out of 0 bytes used by permanent object pool.
[2021.10.20-18.34.40:781][  0]LogUObjectArray: CloseDisregardForGC: 0/0 objects in disregard for GC pool
[2021.10.20-18.34.40:954][  0]LogPython: Using Python 3.7.7
[2021.10.20-18.34.41:353][  0]LogUdpMessaging: Initializing bridge on interface 0.0.0.0:0 to multicast group 230.0.0.1:6666.
[2021.10.20-18.34.41:360][  0]LogTcpMessaging: Initializing TcpMessaging bridge
[2021.10.20-18.34.41:408][  0]LogNiagaraDebuggerClient: Niagara Debugger Client Initialized | Session: AEC595064CA08F924C7B51A82763465A | Instance: 9DC7F4B4450DABBAE5274FA3E1814FE9 (DESKTOP-OBIPSE0-14360).
[2021.10.20-18.34.41:605][  0]LogImageWrapper: Warning: PNG Warning: Duplicate iCCP chunk
[2021.10.20-18.34.41:605][  0]LogImageWrapper: Warning: PNG Warning: Duplicate iCCP chunk
[2021.10.20-18.34.41:605][  0]SourceControl: Controle de origem desativado
[2021.10.20-18.34.41:605][  0]SourceControl: Controle de origem desativado
[2021.10.20-18.34.41:613][  0]SourceControl: Controle de origem desativado
[2021.10.20-18.34.41:618][  0]SourceControl: Controle de origem desativado
[2021.10.20-18.34.41:623][  0]SourceControl: Controle de origem desativado
[2021.10.20-18.34.41:627][  0]LogUProjectInfo: Found projects:
[2021.10.20-18.34.41:731][  0]LogOpenImageDenoise: OIDN starting up
[2021.10.20-18.34.41:755][  0]LogAndroidPermission: UAndroidPermissionCallbackProxy::GetInstance
[2021.10.20-18.34.41:771][  0]LogAudioCaptureCore: Display: No Audio Capture implementations found. Audio input will be silent.
[2021.10.20-18.34.41:771][  0]LogAudioCaptureCore: Display: No Audio Capture implementations found. Audio input will be silent.
[2021.10.20-18.34.41:917][  0]LogOcInput: OculusInput pre-init called
[2021.10.20-18.34.42:042][  0]LogImageWrapper: Warning: PNG Warning: Duplicate iCCP chunk
[2021.10.20-18.34.42:042][  0]LogImageWrapper: Warning: PNG Warning: Duplicate iCCP chunk
[2021.10.20-18.34.42:042][  0]LogCollectionManager: Loaded 0 collections in 0.001606 seconds
[2021.10.20-18.34.42:093][  0]LogFileCache: Scanning file cache for directory 'E:/Courses/C++/Bulls and Cows/BullCowGame-starter-kit/Saved/Collections/' took 0.00s
[2021.10.20-18.34.42:093][  0]LogFileCache: Scanning file cache for directory 'E:/Courses/C++/Bulls and Cows/BullCowGame-starter-kit/Content/Developers/gabri/Collections/' took 0.00s
[2021.10.20-18.34.42:093][  0]LogFileCache: Scanning file cache for directory 'E:/Courses/C++/Bulls and Cows/BullCowGame-starter-kit/Content/Collections/' took 0.00s
[2021.10.20-18.34.42:093][  0]LogEngine: Initializing Engine...
[2021.10.20-18.34.42:095][  0]LogHMD: Failed to enumerate extensions. Please check that you have a valid OpenXR runtime installed.
[2021.10.20-18.34.42:095][  0]LogHMD: Failed to initialize OpenVR with code 101
[2021.10.20-18.34.42:095][  0]LogMagicLeap: Warning: VR disabled because ZI is not enabled.  To enable, in the editor, Edit -> Project Settings -> Plugins -> Magic Leap Plugin -> Enable Zero Iteration
[2021.10.20-18.34.42:096][  0]LogStats: UGameplayTagsManager::InitializeManager -  0.000 s
[2021.10.20-18.34.42:182][  0]LogInit: Initializing FReadOnlyCVARCache
[2021.10.20-18.34.42:189][  0]LogAIModule: Creating AISystem for world Untitled
[2021.10.20-18.34.42:196][  0]LogAudio: Display: Initializing Audio Device Manager...
[2021.10.20-18.34.42:198][  0]LogAudio: Display: Loading Default Audio Settings Objects...
[2021.10.20-18.34.42:199][  0]LogAudio: Display: No default SoundConcurrencyObject specified (or failed to load).
[2021.10.20-18.34.42:199][  0]LogAudio: Display: Audio Device Manager Initialized
[2021.10.20-18.34.42:199][  0]LogAudio: Display: Creating Audio Device:                 Id: 1, Scope: Shared, Realtime: True
[2021.10.20-18.34.42:199][  0]LogAudioMixer: Display: Audio Mixer Platform Settings:
[2021.10.20-18.34.42:199][  0]LogAudioMixer: Display: 	Sample Rate:						  48000
[2021.10.20-18.34.42:199][  0]LogAudioMixer: Display: 	Callback Buffer Frame Size Requested: 1024
[2021.10.20-18.34.42:199][  0]LogAudioMixer: Display: 	Callback Buffer Frame Size To Use:	  1024
[2021.10.20-18.34.42:199][  0]LogAudioMixer: Display: 	Number of buffers to queue:			  2
[2021.10.20-18.34.42:199][  0]LogAudioMixer: Display: 	Max Channels (voices):				  32
[2021.10.20-18.34.42:199][  0]LogAudioMixer: Display: 	Number of Async Source Workers:		  0
[2021.10.20-18.34.42:199][  0]LogAudio: Display: AudioDevice MaxSources: 32
[2021.10.20-18.34.42:199][  0]LogAudio: Display: Audio Spatialization Plugin: None (built-in).
[2021.10.20-18.34.42:200][  0]LogAudio: Display: Audio Reverb Plugin: None (built-in).
[2021.10.20-18.34.42:200][  0]LogAudio: Display: Audio Occlusion Plugin: None (built-in).
[2021.10.20-18.34.42:200][  0]LogAudioMixer: Display: Initializing audio mixer.
[2021.10.20-18.34.42:209][  0]LogAudioMixer: Display: 0: FrontLeft
[2021.10.20-18.34.42:209][  0]LogAudioMixer: Display: 1: FrontRight
[2021.10.20-18.34.42:220][  0]LogAudioMixer: Display: Using Audio Device Alto-falantes (2- G533 Gaming Headset)
[2021.10.20-18.34.42:222][  0]LogAudioMixer: Display: Initializing Sound Submixes...
[2021.10.20-18.34.42:224][  0]LogAudioMixer: Display: Creating Master Submix 'MasterSubmixDefault'
[2021.10.20-18.34.42:224][  0]LogAudioMixer: Display: Creating Master Submix 'MasterReverbSubmixDefault'
[2021.10.20-18.34.42:224][  0]LogAudioMixer: Display: Creating Master Submix 'MasterEQSubmixDefault'
[2021.10.20-18.34.42:224][  0]LogAudioMixer: FMixerPlatformXAudio2::StartAudioStream() called
[2021.10.20-18.34.42:224][  0]LogAudioMixer: Display: Output buffers initialized: Frames=1024, Channels=2, Samples=2048
[2021.10.20-18.34.42:225][  0]LogAudioMixer: Display: Starting AudioMixerPlatformInterface::RunInternal()
[2021.10.20-18.34.42:225][  0]LogAudioMixer: Display: FMixerPlatformXAudio2::SubmitBuffer() called for the first time
[2021.10.20-18.34.42:225][  0]LogInit: FAudioDevice initialized.
[2021.10.20-18.34.42:225][  0]LogAudio: Display: Audio Device (ID: 1) registered with world 'Untitled'.
[2021.10.20-18.34.42:225][  0]LogNetVersion: Set ProjectVersion to 1.0.0.0. Version Checksum will be recalculated on next use.
[2021.10.20-18.34.42:304][  0]LogDerivedDataCache: Saved boot cache 0.08s 96MB C:/Users/gabri/AppData/Local/UnrealEngine/4.27/DerivedDataCache/Boot.ddc.
[2021.10.20-18.34.42:304][  0]LogInit: Texture streaming: Enabled
[2021.10.20-18.34.42:312][  0]LogAnalytics: Display: [UEEditor.Rocket.Release] APIServer = https://datarouter.ol.epicgames.com/. AppVersion = 4.27.1-17735300+++UE4+Release-4.27
[2021.10.20-18.34.42:315][  0]LogEngineSessionManager: EngineSessionManager initialized
[2021.10.20-18.34.42:315][  0]LogEditorSessionSummary: Verbose: Initializing EditorSessionSummaryWriter for editor session tracking
[2021.10.20-18.34.42:316][  0]LogEditorSessionSummary: EditorSessionSummaryWriter initialized
[2021.10.20-18.34.42:332][  0]LogInit: Transaction tracking system initialized
[2021.10.20-18.34.42:349][  0]BlueprintLog: New page: Carregar Editor
[2021.10.20-18.34.42:395][  0]LocalizationService: Localization service is disabled
[2021.10.20-18.34.42:411][  0]TimingProfiler: Initialize
[2021.10.20-18.34.42:411][  0]TimingProfiler: OnSessionChanged
[2021.10.20-18.34.42:411][  0]LoadingProfiler: Initialize
[2021.10.20-18.34.42:411][  0]LoadingProfiler: OnSessionChanged
[2021.10.20-18.34.42:411][  0]NetworkingProfiler: Initialize
[2021.10.20-18.34.42:411][  0]NetworkingProfiler: OnSessionChanged
[2021.10.20-18.34.42:411][  0]MemoryProfiler: Initialize
[2021.10.20-18.34.42:411][  0]MemoryProfiler: OnSessionChanged
[2021.10.20-18.34.42:518][  0]LogCook: Display: CookSettings for Memory: MemoryMaxUsedVirtual 0MiB, MemoryMaxUsedPhysical 16384MiB, MemoryMinFreeVirtual 0MiB, MemoryMinFreePhysical 1024MiB
[2021.10.20-18.34.42:518][  0]LogCook: Display: Mobile HDR setting 1
[2021.10.20-18.34.42:553][  0]LogFileCache: Scanning file cache for directory 'E:/Courses/C++/Bulls and Cows/BullCowGame-starter-kit/Content/' took 0.00s
[2021.10.20-18.34.42:771][  0]LogImageWrapper: Warning: PNG Warning: Duplicate iCCP chunk
[2021.10.20-18.34.42:771][  0]LogImageWrapper: Warning: PNG Warning: Duplicate iCCP chunk
[2021.10.20-18.34.42:771][  0]LogInit: Display: Engine is initialized. Leaving FEngineLoop::Init()
[2021.10.20-18.34.42:774][  0]SourceControl: Controle de origem desativado
[2021.10.20-18.34.42:774][  0]LogUnrealEdMisc: Loading editor; pre map load, took 4.854
[2021.10.20-18.34.42:774][  0]Cmd: MAP LOAD FILE="E:/Courses/C++/Bulls and Cows/BullCowGame-starter-kit/Content/Levels/Level1.umap" TEMPLATE=0 SHOWPROGRESS=1 FEATURELEVEL=3
[2021.10.20-18.34.42:774][  0]LightingResults: New page: Compilação de Iluminação
[2021.10.20-18.34.42:775][  0]LogWorld: UWorld::CleanupWorld for Untitled, bSessionEnded=true, bCleanupResources=true
[2021.10.20-18.34.42:775][  0]LogSlate: InvalidateAllWidgets triggered.  All widgets were invalidated
[2021.10.20-18.34.42:775][  0]MapCheck: New page: Verificação de Mapa
[2021.10.20-18.34.42:775][  0]LightingResults: New page: Compilação de Iluminação
[2021.10.20-18.34.42:778][  0]LogAudio: Display: Audio Device unregistered from world 'None'.
[2021.10.20-18.34.42:780][  0]LogUObjectHash: Compacting FUObjectHashTables data took   0.76ms
[2021.10.20-18.34.42:920][  0]LogAudio: Display: Audio Device (ID: 1) registered with world 'Level1'.
[2021.10.20-18.34.42:920][  0]LogAIModule: Creating AISystem for world Level1
[2021.10.20-18.34.42:931][  0]LogEditorServer: Finished looking for orphan Actors (0.000 secs)
[2021.10.20-18.34.42:948][  0]LogUObjectHash: Compacting FUObjectHashTables data took   0.83ms
[2021.10.20-18.34.42:948][  0]Cmd: MAP CHECKDEP NOCLEARLOG
[2021.10.20-18.34.42:949][  0]MapCheck: Map check complete: 0 Error(s), 0 Warning(s), took 0,098ms to complete.
[2021.10.20-18.34.42:949][  0]LogFileHelpers: Loading map 'Level1' took 0.175
[2021.10.20-18.34.42:950][  0]LogUnrealEdMisc: Total Editor Startup Time, took 5.031
[2021.10.20-18.34.43:070][  0]LogSlate: Updating window title bar state: overlay mode, drag disabled, window buttons hidden, title bar hidden
[2021.10.20-18.34.43:075][  0]LogSlate: Updating window title bar state: overlay mode, drag disabled, window buttons hidden, title bar hidden
[2021.10.20-18.34.43:080][  0]LogSlate: Updating window title bar state: overlay mode, drag disabled, window buttons hidden, title bar hidden
[2021.10.20-18.34.43:085][  0]LogSlate: Updating window title bar state: overlay mode, drag disabled, window buttons hidden, title bar hidden
[2021.10.20-18.34.43:097][  0]LogNativeClassHierarchy: Verbose: Native class hierarchy populated in 0.0089 seconds. Added 3826 classes and 931 folders.
[2021.10.20-18.34.43:099][  0]LogNativeClassHierarchy: Verbose: Native class hierarchy updated for 'WidgetCarousel' in 0.0002 seconds. Added 0 classes and 0 folders.
[2021.10.20-18.34.43:100][  0]LogPakFile: PakFile PrimaryIndexSize=187
[2021.10.20-18.34.43:100][  0]LogPakFile: PakFile PathHashIndexSize=101
[2021.10.20-18.34.43:100][  0]LogPakFile: PakFile FullDirectoryIndexSize=148
[2021.10.20-18.34.43:100][  0]LogShaderLibrary: Display: ShaderCodeLibraryPakFileMountedCallback: PakFile 'C:/Program Files/Epic Games/UE_4.27/FeaturePacks/FP_FirstPerson.upack' (chunk index -1, root 'root:/') mounted
[2021.10.20-18.34.43:100][  0]LogShaderLibrary: Display: ShaderCodeLibraryPakFileMountedCallback: pending pak file info (ChunkID:-1 Root:root:/ File:C:/Program Files/Epic Games/UE_4.27/FeaturePacks/FP_FirstPerson.upack)
[2021.10.20-18.34.43:100][  0]LogPakFile: OnPakFileMounted2Time == 0.000049
[2021.10.20-18.34.43:101][  0]LogPakFile: PakFile PrimaryIndexSize=189
[2021.10.20-18.34.43:101][  0]LogPakFile: PakFile PathHashIndexSize=101
[2021.10.20-18.34.43:101][  0]LogPakFile: PakFile FullDirectoryIndexSize=152
[2021.10.20-18.34.43:101][  0]LogShaderLibrary: Display: ShaderCodeLibraryPakFileMountedCallback: PakFile 'C:/Program Files/Epic Games/UE_4.27/FeaturePacks/FP_FirstPersonBP.upack' (chunk index -1, root 'root:/') mounted
[2021.10.20-18.34.43:101][  0]LogShaderLibrary: Display: ShaderCodeLibraryPakFileMountedCallback: pending pak file info (ChunkID:-1 Root:root:/ File:C:/Program Files/Epic Games/UE_4.27/FeaturePacks/FP_FirstPersonBP.upack)
[2021.10.20-18.34.43:101][  0]LogPakFile: OnPakFileMounted2Time == 0.000032
[2021.10.20-18.34.43:101][  0]LogPakFile: PakFile PrimaryIndexSize=191
[2021.10.20-18.34.43:101][  0]LogPakFile: PakFile PathHashIndexSize=101
[2021.10.20-18.34.43:101][  0]LogPakFile: PakFile FullDirectoryIndexSize=160
[2021.10.20-18.34.43:101][  0]LogShaderLibrary: Display: ShaderCodeLibraryPakFileMountedCallback: PakFile 'C:/Program Files/Epic Games/UE_4.27/FeaturePacks/MobileStarterContent.upack' (chunk index -1, root 'root:/') mounted
[2021.10.20-18.34.43:101][  0]LogShaderLibrary: Display: ShaderCodeLibraryPakFileMountedCallback: pending pak file info (ChunkID:-1 Root:root:/ File:C:/Program Files/Epic Games/UE_4.27/FeaturePacks/MobileStarterContent.upack)
[2021.10.20-18.34.43:101][  0]LogPakFile: OnPakFileMounted2Time == 0.000027
[2021.10.20-18.34.43:102][  0]LogPakFile: PakFile PrimaryIndexSize=185
[2021.10.20-18.34.43:102][  0]LogPakFile: PakFile PathHashIndexSize=101
[2021.10.20-18.34.43:102][  0]LogPakFile: PakFile FullDirectoryIndexSize=148
[2021.10.20-18.34.43:102][  0]LogShaderLibrary: Display: ShaderCodeLibraryPakFileMountedCallback: PakFile 'C:/Program Files/Epic Games/UE_4.27/FeaturePacks/StarterContent.upack' (chunk index -1, root 'root:/') mounted
[2021.10.20-18.34.43:102][  0]LogShaderLibrary: Display: ShaderCodeLibraryPakFileMountedCallback: pending pak file info (ChunkID:-1 Root:root:/ File:C:/Program Files/Epic Games/UE_4.27/FeaturePacks/StarterContent.upack)
[2021.10.20-18.34.43:102][  0]LogPakFile: OnPakFileMounted2Time == 0.000028
[2021.10.20-18.34.43:102][  0]LogPakFile: PakFile PrimaryIndexSize=190
[2021.10.20-18.34.43:102][  0]LogPakFile: PakFile PathHashIndexSize=101
[2021.10.20-18.34.43:102][  0]LogPakFile: PakFile FullDirectoryIndexSize=154
[2021.10.20-18.34.43:102][  0]LogShaderLibrary: Display: ShaderCodeLibraryPakFileMountedCallback: PakFile 'C:/Program Files/Epic Games/UE_4.27/FeaturePacks/TP_2DSideScroller.upack' (chunk index -1, root 'root:/') mounted
[2021.10.20-18.34.43:102][  0]LogShaderLibrary: Display: ShaderCodeLibraryPakFileMountedCallback: pending pak file info (ChunkID:-1 Root:root:/ File:C:/Program Files/Epic Games/UE_4.27/FeaturePacks/TP_2DSideScroller.upack)
[2021.10.20-18.34.43:102][  0]LogPakFile: OnPakFileMounted2Time == 0.000029
[2021.10.20-18.34.43:103][  0]LogPakFile: PakFile PrimaryIndexSize=192
[2021.10.20-18.34.43:103][  0]LogPakFile: PakFile PathHashIndexSize=101
[2021.10.20-18.34.43:103][  0]LogPakFile: PakFile FullDirectoryIndexSize=158
[2021.10.20-18.34.43:103][  0]LogShaderLibrary: Display: ShaderCodeLibraryPakFileMountedCallback: PakFile 'C:/Program Files/Epic Games/UE_4.27/FeaturePacks/TP_2DSideScrollerBP.upack' (chunk index -1, root 'root:/') mounted
[2021.10.20-18.34.43:103][  0]LogShaderLibrary: Display: ShaderCodeLibraryPakFileMountedCallback: pending pak file info (ChunkID:-1 Root:root:/ File:C:/Program Files/Epic Games/UE_4.27/FeaturePacks/TP_2DSideScrollerBP.upack)
[2021.10.20-18.34.43:103][  0]LogPakFile: OnPakFileMounted2Time == 0.000027
[2021.10.20-18.34.43:103][  0]LogPakFile: PakFile PrimaryIndexSize=182
[2021.10.20-18.34.43:103][  0]LogPakFile: PakFile PathHashIndexSize=101
[2021.10.20-18.34.43:103][  0]LogPakFile: PakFile FullDirectoryIndexSize=138
[2021.10.20-18.34.43:103][  0]LogShaderLibrary: Display: ShaderCodeLibraryPakFileMountedCallback: PakFile 'C:/Program Files/Epic Games/UE_4.27/FeaturePacks/TP_Flying.upack' (chunk index -1, root 'root:/') mounted
[2021.10.20-18.34.43:103][  0]LogShaderLibrary: Display: ShaderCodeLibraryPakFileMountedCallback: pending pak file info (ChunkID:-1 Root:root:/ File:C:/Program Files/Epic Games/UE_4.27/FeaturePacks/TP_Flying.upack)
[2021.10.20-18.34.43:103][  0]LogPakFile: OnPakFileMounted2Time == 0.000027
[2021.10.20-18.34.43:103][  0]LogPakFile: PakFile PrimaryIndexSize=184
[2021.10.20-18.34.43:103][  0]LogPakFile: PakFile PathHashIndexSize=101
[2021.10.20-18.34.43:103][  0]LogPakFile: PakFile FullDirectoryIndexSize=142
[2021.10.20-18.34.43:103][  0]LogShaderLibrary: Display: ShaderCodeLibraryPakFileMountedCallback: PakFile 'C:/Program Files/Epic Games/UE_4.27/FeaturePacks/TP_FlyingBP.upack' (chunk index -1, root 'root:/') mounted
[2021.10.20-18.34.43:103][  0]LogShaderLibrary: Display: ShaderCodeLibraryPakFileMountedCallback: pending pak file info (ChunkID:-1 Root:root:/ File:C:/Program Files/Epic Games/UE_4.27/FeaturePacks/TP_FlyingBP.upack)
[2021.10.20-18.34.43:104][  0]LogPakFile: OnPakFileMounted2Time == 0.000027
[2021.10.20-18.34.43:104][  0]LogPakFile: PakFile PrimaryIndexSize=188
[2021.10.20-18.34.43:104][  0]LogPakFile: PakFile PathHashIndexSize=101
[2021.10.20-18.34.43:104][  0]LogPakFile: PakFile FullDirectoryIndexSize=150
[2021.10.20-18.34.43:104][  0]LogShaderLibrary: Display: ShaderCodeLibraryPakFileMountedCallback: PakFile 'C:/Program Files/Epic Games/UE_4.27/FeaturePacks/TP_HandheldARBP.upack' (chunk index -1, root 'root:/') mounted
[2021.10.20-18.34.43:104][  0]LogShaderLibrary: Display: ShaderCodeLibraryPakFileMountedCallback: pending pak file info (ChunkID:-1 Root:root:/ File:C:/Program Files/Epic Games/UE_4.27/FeaturePacks/TP_HandheldARBP.upack)
[2021.10.20-18.34.43:104][  0]LogPakFile: OnPakFileMounted2Time == 0.000027
[2021.10.20-18.34.43:104][  0]LogPakFile: PakFile PrimaryIndexSize=182
[2021.10.20-18.34.43:104][  0]LogPakFile: PakFile PathHashIndexSize=101
[2021.10.20-18.34.43:104][  0]LogPakFile: PakFile FullDirectoryIndexSize=138
[2021.10.20-18.34.43:104][  0]LogShaderLibrary: Display: ShaderCodeLibraryPakFileMountedCallback: PakFile 'C:/Program Files/Epic Games/UE_4.27/FeaturePacks/TP_Puzzle.upack' (chunk index -1, root 'root:/') mounted
[2021.10.20-18.34.43:104][  0]LogShaderLibrary: Display: ShaderCodeLibraryPakFileMountedCallback: pending pak file info (ChunkID:-1 Root:root:/ File:C:/Program Files/Epic Games/UE_4.27/FeaturePacks/TP_Puzzle.upack)
[2021.10.20-18.34.43:105][  0]LogPakFile: OnPakFileMounted2Time == 0.000028
[2021.10.20-18.34.43:105][  0]LogPakFile: PakFile PrimaryIndexSize=184
[2021.10.20-18.34.43:105][  0]LogPakFile: PakFile PathHashIndexSize=101
[2021.10.20-18.34.43:105][  0]LogPakFile: PakFile FullDirectoryIndexSize=142
[2021.10.20-18.34.43:105][  0]LogShaderLibrary: Display: ShaderCodeLibraryPakFileMountedCallback: PakFile 'C:/Program Files/Epic Games/UE_4.27/FeaturePacks/TP_PuzzleBP.upack' (chunk index -1, root 'root:/') mounted
[2021.10.20-18.34.43:105][  0]LogShaderLibrary: Display: ShaderCodeLibraryPakFileMountedCallback: pending pak file info (ChunkID:-1 Root:root:/ File:C:/Program Files/Epic Games/UE_4.27/FeaturePacks/TP_PuzzleBP.upack)
[2021.10.20-18.34.43:105][  0]LogPakFile: OnPakFileMounted2Time == 0.000027
[2021.10.20-18.34.43:105][  0]LogPakFile: PakFile PrimaryIndexSize=183
[2021.10.20-18.34.43:105][  0]LogPakFile: PakFile PathHashIndexSize=101
[2021.10.20-18.34.43:105][  0]LogPakFile: PakFile FullDirectoryIndexSize=140
[2021.10.20-18.34.43:105][  0]LogShaderLibrary: Display: ShaderCodeLibraryPakFileMountedCallback: PakFile 'C:/Program Files/Epic Games/UE_4.27/FeaturePacks/TP_Rolling.upack' (chunk index -1, root 'root:/') mounted
[2021.10.20-18.34.43:105][  0]LogShaderLibrary: Display: ShaderCodeLibraryPakFileMountedCallback: pending pak file info (ChunkID:-1 Root:root:/ File:C:/Program Files/Epic Games/UE_4.27/FeaturePacks/TP_Rolling.upack)
[2021.10.20-18.34.43:105][  0]LogPakFile: OnPakFileMounted2Time == 0.000032
[2021.10.20-18.34.43:106][  0]LogPakFile: PakFile PrimaryIndexSize=185
[2021.10.20-18.34.43:106][  0]LogPakFile: PakFile PathHashIndexSize=101
[2021.10.20-18.34.43:106][  0]LogPakFile: PakFile FullDirectoryIndexSize=144
[2021.10.20-18.34.43:106][  0]LogShaderLibrary: Display: ShaderCodeLibraryPakFileMountedCallback: PakFile 'C:/Program Files/Epic Games/UE_4.27/FeaturePacks/TP_RollingBP.upack' (chunk index -1, root 'root:/') mounted
[2021.10.20-18.34.43:106][  0]LogShaderLibrary: Display: ShaderCodeLibraryPakFileMountedCallback: pending pak file info (ChunkID:-1 Root:root:/ File:C:/Program Files/Epic Games/UE_4.27/FeaturePacks/TP_RollingBP.upack)
[2021.10.20-18.34.43:106][  0]LogPakFile: OnPakFileMounted2Time == 0.000028
[2021.10.20-18.34.43:106][  0]LogPakFile: PakFile PrimaryIndexSize=188
[2021.10.20-18.34.43:106][  0]LogPakFile: PakFile PathHashIndexSize=101
[2021.10.20-18.34.43:106][  0]LogPakFile: PakFile FullDirectoryIndexSize=150
[2021.10.20-18.34.43:106][  0]LogShaderLibrary: Display: ShaderCodeLibraryPakFileMountedCallback: PakFile 'C:/Program Files/Epic Games/UE_4.27/FeaturePacks/TP_SideScroller.upack' (chunk index -1, root 'root:/') mounted
[2021.10.20-18.34.43:106][  0]LogShaderLibrary: Display: ShaderCodeLibraryPakFileMountedCallback: pending pak file info (ChunkID:-1 Root:root:/ File:C:/Program Files/Epic Games/UE_4.27/FeaturePacks/TP_SideScroller.upack)
[2021.10.20-18.34.43:106][  0]LogPakFile: OnPakFileMounted2Time == 0.000027
[2021.10.20-18.34.43:107][  0]LogPakFile: PakFile PrimaryIndexSize=190
[2021.10.20-18.34.43:107][  0]LogPakFile: PakFile PathHashIndexSize=101
[2021.10.20-18.34.43:107][  0]LogPakFile: PakFile FullDirectoryIndexSize=154
[2021.10.20-18.34.43:107][  0]LogShaderLibrary: Display: ShaderCodeLibraryPakFileMountedCallback: PakFile 'C:/Program Files/Epic Games/UE_4.27/FeaturePacks/TP_SideScrollerBP.upack' (chunk index -1, root 'root:/') mounted
[2021.10.20-18.34.43:107][  0]LogShaderLibrary: Display: ShaderCodeLibraryPakFileMountedCallback: pending pak file info (ChunkID:-1 Root:root:/ File:C:/Program Files/Epic Games/UE_4.27/FeaturePacks/TP_SideScrollerBP.upack)
[2021.10.20-18.34.43:107][  0]LogPakFile: OnPakFileMounted2Time == 0.000026
[2021.10.20-18.34.43:107][  0]LogPakFile: PakFile PrimaryIndexSize=187
[2021.10.20-18.34.43:107][  0]LogPakFile: PakFile PathHashIndexSize=101
[2021.10.20-18.34.43:107][  0]LogPakFile: PakFile FullDirectoryIndexSize=148
[2021.10.20-18.34.43:107][  0]LogShaderLibrary: Display: ShaderCodeLibraryPakFileMountedCallback: PakFile 'C:/Program Files/Epic Games/UE_4.27/FeaturePacks/TP_ThirdPerson.upack' (chunk index -1, root 'root:/') mounted
[2021.10.20-18.34.43:107][  0]LogShaderLibrary: Display: ShaderCodeLibraryPakFileMountedCallback: pending pak file info (ChunkID:-1 Root:root:/ File:C:/Program Files/Epic Games/UE_4.27/FeaturePacks/TP_ThirdPerson.upack)
[2021.10.20-18.34.43:107][  0]LogPakFile: OnPakFileMounted2Time == 0.000026
[2021.10.20-18.34.43:108][  0]LogPakFile: PakFile PrimaryIndexSize=189
[2021.10.20-18.34.43:108][  0]LogPakFile: PakFile PathHashIndexSize=101
[2021.10.20-18.34.43:108][  0]LogPakFile: PakFile FullDirectoryIndexSize=152
[2021.10.20-18.34.43:108][  0]LogShaderLibrary: Display: ShaderCodeLibraryPakFileMountedCallback: PakFile 'C:/Program Files/Epic Games/UE_4.27/FeaturePacks/TP_ThirdPersonBP.upack' (chunk index -1, root 'root:/') mounted
[2021.10.20-18.34.43:108][  0]LogShaderLibrary: Display: ShaderCodeLibraryPakFileMountedCallback: pending pak file info (ChunkID:-1 Root:root:/ File:C:/Program Files/Epic Games/UE_4.27/FeaturePacks/TP_ThirdPersonBP.upack)
[2021.10.20-18.34.43:108][  0]LogPakFile: OnPakFileMounted2Time == 0.000026
[2021.10.20-18.34.43:108][  0]LogPakFile: PakFile PrimaryIndexSize=183
[2021.10.20-18.34.43:108][  0]LogPakFile: PakFile PathHashIndexSize=101
[2021.10.20-18.34.43:108][  0]LogPakFile: PakFile FullDirectoryIndexSize=140
[2021.10.20-18.34.43:108][  0]LogShaderLibrary: Display: ShaderCodeLibraryPakFileMountedCallback: PakFile 'C:/Program Files/Epic Games/UE_4.27/FeaturePacks/TP_TopDown.upack' (chunk index -1, root 'root:/') mounted
[2021.10.20-18.34.43:108][  0]LogShaderLibrary: Display: ShaderCodeLibraryPakFileMountedCallback: pending pak file info (ChunkID:-1 Root:root:/ File:C:/Program Files/Epic Games/UE_4.27/FeaturePacks/TP_TopDown.upack)
[2021.10.20-18.34.43:108][  0]LogPakFile: OnPakFileMounted2Time == 0.000032
[2021.10.20-18.34.43:108][  0]LogPakFile: PakFile PrimaryIndexSize=185
[2021.10.20-18.34.43:108][  0]LogPakFile: PakFile PathHashIndexSize=101
[2021.10.20-18.34.43:108][  0]LogPakFile: PakFile FullDirectoryIndexSize=144
[2021.10.20-18.34.43:108][  0]LogShaderLibrary: Display: ShaderCodeLibraryPakFileMountedCallback: PakFile 'C:/Program Files/Epic Games/UE_4.27/FeaturePacks/TP_TopDownBP.upack' (chunk index -1, root 'root:/') mounted
[2021.10.20-18.34.43:108][  0]LogShaderLibrary: Display: ShaderCodeLibraryPakFileMountedCallback: pending pak file info (ChunkID:-1 Root:root:/ File:C:/Program Files/Epic Games/UE_4.27/FeaturePacks/TP_TopDownBP.upack)
[2021.10.20-18.34.43:108][  0]LogPakFile: OnPakFileMounted2Time == 0.000031
[2021.10.20-18.34.43:109][  0]LogPakFile: PakFile PrimaryIndexSize=185
[2021.10.20-18.34.43:109][  0]LogPakFile: PakFile PathHashIndexSize=101
[2021.10.20-18.34.43:109][  0]LogPakFile: PakFile FullDirectoryIndexSize=144
[2021.10.20-18.34.43:109][  0]LogShaderLibrary: Display: ShaderCodeLibraryPakFileMountedCallback: PakFile 'C:/Program Files/Epic Games/UE_4.27/FeaturePacks/TP_TwinStick.upack' (chunk index -1, root 'root:/') mounted
[2021.10.20-18.34.43:109][  0]LogShaderLibrary: Display: ShaderCodeLibraryPakFileMountedCallback: pending pak file info (ChunkID:-1 Root:root:/ File:C:/Program Files/Epic Games/UE_4.27/FeaturePacks/TP_TwinStick.upack)
[2021.10.20-18.34.43:109][  0]LogPakFile: OnPakFileMounted2Time == 0.000029
[2021.10.20-18.34.43:109][  0]LogPakFile: PakFile PrimaryIndexSize=187
[2021.10.20-18.34.43:109][  0]LogPakFile: PakFile PathHashIndexSize=101
[2021.10.20-18.34.43:109][  0]LogPakFile: PakFile FullDirectoryIndexSize=148
[2021.10.20-18.34.43:109][  0]LogShaderLibrary: Display: ShaderCodeLibraryPakFileMountedCallback: PakFile 'C:/Program Files/Epic Games/UE_4.27/FeaturePacks/TP_TwinStickBP.upack' (chunk index -1, root 'root:/') mounted
[2021.10.20-18.34.43:109][  0]LogShaderLibrary: Display: ShaderCodeLibraryPakFileMountedCallback: pending pak file info (ChunkID:-1 Root:root:/ File:C:/Program Files/Epic Games/UE_4.27/FeaturePacks/TP_TwinStickBP.upack)
[2021.10.20-18.34.43:109][  0]LogPakFile: OnPakFileMounted2Time == 0.000026
[2021.10.20-18.34.43:110][  0]LogPakFile: PakFile PrimaryIndexSize=183
[2021.10.20-18.34.43:110][  0]LogPakFile: PakFile PathHashIndexSize=101
[2021.10.20-18.34.43:110][  0]LogPakFile: PakFile FullDirectoryIndexSize=140
[2021.10.20-18.34.43:110][  0]LogShaderLibrary: Display: ShaderCodeLibraryPakFileMountedCallback: PakFile 'C:/Program Files/Epic Games/UE_4.27/FeaturePacks/TP_Vehicle.upack' (chunk index -1, root 'root:/') mounted
[2021.10.20-18.34.43:110][  0]LogShaderLibrary: Display: ShaderCodeLibraryPakFileMountedCallback: pending pak file info (ChunkID:-1 Root:root:/ File:C:/Program Files/Epic Games/UE_4.27/FeaturePacks/TP_Vehicle.upack)
[2021.10.20-18.34.43:110][  0]LogPakFile: OnPakFileMounted2Time == 0.000027
[2021.10.20-18.34.43:110][  0]LogPakFile: PakFile PrimaryIndexSize=186
[2021.10.20-18.34.43:110][  0]LogPakFile: PakFile PathHashIndexSize=101
[2021.10.20-18.34.43:110][  0]LogPakFile: PakFile FullDirectoryIndexSize=146
[2021.10.20-18.34.43:110][  0]LogShaderLibrary: Display: ShaderCodeLibraryPakFileMountedCallback: PakFile 'C:/Program Files/Epic Games/UE_4.27/FeaturePacks/TP_VehicleAdv.upack' (chunk index -1, root 'root:/') mounted
[2021.10.20-18.34.43:110][  0]LogShaderLibrary: Display: ShaderCodeLibraryPakFileMountedCallback: pending pak file info (ChunkID:-1 Root:root:/ File:C:/Program Files/Epic Games/UE_4.27/FeaturePacks/TP_VehicleAdv.upack)
[2021.10.20-18.34.43:110][  0]LogPakFile: OnPakFileMounted2Time == 0.000027
[2021.10.20-18.34.43:111][  0]LogPakFile: PakFile PrimaryIndexSize=188
[2021.10.20-18.34.43:111][  0]LogPakFile: PakFile PathHashIndexSize=101
[2021.10.20-18.34.43:111][  0]LogPakFile: PakFile FullDirectoryIndexSize=150
[2021.10.20-18.34.43:111][  0]LogShaderLibrary: Display: ShaderCodeLibraryPakFileMountedCallback: PakFile 'C:/Program Files/Epic Games/UE_4.27/FeaturePacks/TP_VehicleAdvBP.upack' (chunk index -1, root 'root:/') mounted
[2021.10.20-18.34.43:111][  0]LogShaderLibrary: Display: ShaderCodeLibraryPakFileMountedCallback: pending pak file info (ChunkID:-1 Root:root:/ File:C:/Program Files/Epic Games/UE_4.27/FeaturePacks/TP_VehicleAdvBP.upack)
[2021.10.20-18.34.43:111][  0]LogPakFile: OnPakFileMounted2Time == 0.000027
[2021.10.20-18.34.43:111][  0]LogPakFile: PakFile PrimaryIndexSize=185
[2021.10.20-18.34.43:111][  0]LogPakFile: PakFile PathHashIndexSize=101
[2021.10.20-18.34.43:111][  0]LogPakFile: PakFile FullDirectoryIndexSize=144
[2021.10.20-18.34.43:111][  0]LogShaderLibrary: Display: ShaderCodeLibraryPakFileMountedCallback: PakFile 'C:/Program Files/Epic Games/UE_4.27/FeaturePacks/TP_VehicleBP.upack' (chunk index -1, root 'root:/') mounted
[2021.10.20-18.34.43:111][  0]LogShaderLibrary: Display: ShaderCodeLibraryPakFileMountedCallback: pending pak file info (ChunkID:-1 Root:root:/ File:C:/Program Files/Epic Games/UE_4.27/FeaturePacks/TP_VehicleBP.upack)
[2021.10.20-18.34.43:111][  0]LogPakFile: OnPakFileMounted2Time == 0.000027
[2021.10.20-18.34.43:111][  0]LogPakFile: PakFile PrimaryIndexSize=192
[2021.10.20-18.34.43:111][  0]LogPakFile: PakFile PathHashIndexSize=101
[2021.10.20-18.34.43:111][  0]LogPakFile: PakFile FullDirectoryIndexSize=158
[2021.10.20-18.34.43:112][  0]LogShaderLibrary: Display: ShaderCodeLibraryPakFileMountedCallback: PakFile 'C:/Program Files/Epic Games/UE_4.27/FeaturePacks/TP_VirtualRealityBP.upack' (chunk index -1, root 'root:/') mounted
[2021.10.20-18.34.43:112][  0]LogShaderLibrary: Display: ShaderCodeLibraryPakFileMountedCallback: pending pak file info (ChunkID:-1 Root:root:/ File:C:/Program Files/Epic Games/UE_4.27/FeaturePacks/TP_VirtualRealityBP.upack)
[2021.10.20-18.34.43:112][  0]LogPakFile: OnPakFileMounted2Time == 0.000026
[2021.10.20-18.34.43:147][  0]LogNativeClassHierarchy: Verbose: Native class hierarchy updated for 'AddContentDialog' in 0.0003 seconds. Added 0 classes and 0 folders.
[2021.10.20-18.34.43:148][  0]LogNativeClassHierarchy: Verbose: Native class hierarchy updated for 'SceneOutliner' in 0.0002 seconds. Added 2 classes and 0 folders.
[2021.10.20-18.34.43:178][  0]LogSlate: Took 0.000122 seconds to synchronously load lazily loaded font '../../../Engine/Content/Slate/Fonts/Roboto-Regular.ttf' (155K)
[2021.10.20-18.34.43:179][  0]LogSlate: Took 0.000077 seconds to synchronously load lazily loaded font '../../../Engine/Content/Editor/Slate/Fonts/FontAwesome.ttf' (139K)
[2021.10.20-18.34.43:180][  0]LogSlate: Took 0.000076 seconds to synchronously load lazily loaded font '../../../Engine/Content/Slate/Fonts/Roboto-Bold.ttf' (160K)
[2021.10.20-18.34.43:262][  0]LogRenderer: Reallocating scene render targets to support 1568x836 Format 10 NumSamples 1 (Frame:1).
[2021.10.20-18.34.43:365][  0]LogNativeClassHierarchy: Verbose: Native class hierarchy updated for 'HierarchicalLODOutliner' in 0.0002 seconds. Added 0 classes and 0 folders.
[2021.10.20-18.34.43:365][  0]LogLoad: (Engine Initialization) Total time: 5.45 seconds
[2021.10.20-18.34.43:365][  0]LogLoad: (Engine Initialization) Total Blueprint compile time: 0.00 seconds
[2021.10.20-18.34.43:402][  0]LogAssetRegistry: Asset discovery search completed in 3.2373 seconds
[2021.10.20-18.34.43:406][  0]LogCollectionManager: Fixed up redirectors for 0 collections in 0.000003 seconds (updated 0 objects)
[2021.10.20-18.34.43:411][  0]LogContentStreaming: Texture pool size now 1000 MB
